Using pre-set license
Built from '2020.3/staging' branch; Version is '2020.3.25f1 (9b9180224418) revision 10195328'; Using compiler version '192528614'; Build Type 'Release'
OS: 'Windows 10  (10.0.19042) 64bit Professional' Language: 'de' Physical Memory: 16082 MB
BatchMode: 1, IsHumanControllingUs: 0, StartBugReporterOnCrash: 0, Is64bit: 1, IsPro: 0

COMMAND LINE ARGUMENTS:
C:\Program Files\Unity\Hub\Editor\2020.3.25f1\Editor\Unity.exe
-adb2
-batchMode
-noUpm
-name
AssetImportWorker3
-projectPath
C:/Users/rabhi/OneDrive/Dokumente/PJ Lichttechnik/Unity/UnitySzene-/LED-Laufsteg
-logFile
Logs/AssetImportWorker3.log
-srvPort
55095
Successfully changed project path to: C:/Users/rabhi/OneDrive/Dokumente/PJ Lichttechnik/Unity/UnitySzene-/LED-Laufsteg
C:/Users/rabhi/OneDrive/Dokumente/PJ Lichttechnik/Unity/UnitySzene-/LED-Laufsteg
Using Asset Import Pipeline V2.
Refreshing native plugins compatible for Editor in 278.24 ms, found 2 plugins.
Preloading 0 native plugins for Editor in 0.00 ms.
Initialize engine version: 2020.3.25f1 (9b9180224418)
[Subsystems] Discovering subsystems at path C:/Program Files/Unity/Hub/Editor/2020.3.25f1/Editor/Data/Resources/UnitySubsystems
[Subsystems] Discovering subsystems at path C:/Users/rabhi/OneDrive/Dokumente/PJ Lichttechnik/Unity/UnitySzene-/LED-Laufsteg/Assets
GfxDevice: creating device client; threaded=0
Direct3D:
    Version:  Direct3D 11.0 [level 11.1]
    Renderer: Intel(R) Iris(R) Xe Graphics (ID=0x9a49)
    Vendor:   
    VRAM:     8041 MB
    Driver:   30.0.100.9955
Initialize mono
Mono path[0] = 'C:/Program Files/Unity/Hub/Editor/2020.3.25f1/Editor/Data/Managed'
Mono path[1] = 'C:/Program Files/Unity/Hub/Editor/2020.3.25f1/Editor/Data/MonoBleedingEdge/lib/mono/unityjit'
Mono config path = 'C:/Program Files/Unity/Hub/Editor/2020.3.25f1/Editor/Data/MonoBleedingEdge/etc'
Using monoOptions --debugger-agent=transport=dt_socket,embedding=1,server=y,suspend=n,address=127.0.0.1:56968
Begin MonoManager ReloadAssembly
Registering precompiled unity dll's ...
Register platform support module: C:/Program Files/Unity/Hub/Editor/2020.3.25f1/Editor/Data/PlaybackEngines/WindowsStandaloneSupport/UnityEditor.WindowsStandalone.Extensions.dll
Registered in 0.006535 seconds.
Native extension for WindowsStandalone target not found
Refreshing native plugins compatible for Editor in 274.79 ms, found 2 plugins.
Preloading 0 native plugins for Editor in 0.00 ms.
Mono: successfully reloaded assembly
- Completed reload, in  1.807 seconds
Domain Reload Profiling:
	ReloadAssembly (1808ms)
		BeginReloadAssembly (157ms)
			ExecutionOrderSort (0ms)
			DisableScriptedObjects (0ms)
			BackupInstance (0ms)
			ReleaseScriptingObjects (0ms)
			CreateAndSetChildDomain (2ms)
		EndReloadAssembly (1427ms)
			LoadAssemblies (150ms)
			RebuildTransferFunctionScriptingTraits (0ms)
			SetupTypeCache (382ms)
			ReleaseScriptCaches (0ms)
			RebuildScriptCaches (81ms)
			SetupLoadedEditorAssemblies (656ms)
				LogAssemblyErrors (0ms)
				InitializePlatformSupportModulesInManaged (13ms)
				SetLoadedEditorAssemblies (1ms)
				RefreshPlugins (275ms)
				BeforeProcessingInitializeOnLoad (29ms)
				ProcessInitializeOnLoadAttributes (255ms)
				ProcessInitializeOnLoadMethodAttributes (82ms)
				AfterProcessingInitializeOnLoad (0ms)
				EditorAssembliesLoaded (1ms)
			ExecutionOrderSort2 (0ms)
			AwakeInstancesAfterBackupRestoration (0ms)
Platform modules already initialized, skipping
Registering precompiled user dll's ...
Registered in 0.015347 seconds.
Begin MonoManager ReloadAssembly
Native extension for WindowsStandalone target not found
Refreshing native plugins compatible for Editor in 321.97 ms, found 2 plugins.
Preloading 0 native plugins for Editor in 0.00 ms.
Mono: successfully reloaded assembly
- Completed reload, in 15.585 seconds
Domain Reload Profiling:
	ReloadAssembly (15599ms)
		BeginReloadAssembly (383ms)
			ExecutionOrderSort (0ms)
			DisableScriptedObjects (13ms)
			BackupInstance (0ms)
			ReleaseScriptingObjects (0ms)
			CreateAndSetChildDomain (38ms)
		EndReloadAssembly (15039ms)
			LoadAssemblies (5906ms)
			RebuildTransferFunctionScriptingTraits (0ms)
			SetupTypeCache (2813ms)
			ReleaseScriptCaches (1ms)
			RebuildScriptCaches (233ms)
			SetupLoadedEditorAssemblies (5709ms)
				LogAssemblyErrors (0ms)
				InitializePlatformSupportModulesInManaged (11ms)
				SetLoadedEditorAssemblies (0ms)
				RefreshPlugins (322ms)
				BeforeProcessingInitializeOnLoad (337ms)
				ProcessInitializeOnLoadAttributes (1405ms)
				ProcessInitializeOnLoadMethodAttributes (3614ms)
				AfterProcessingInitializeOnLoad (19ms)
				EditorAssembliesLoaded (0ms)
			ExecutionOrderSort2 (0ms)
			AwakeInstancesAfterBackupRestoration (16ms)
Platform modules already initialized, skipping
========================================================================
Worker process is ready to serve import requests
Launched and connected shader compiler UnityShaderCompiler.exe after 0.27 seconds
Refreshing native plugins compatible for Editor in 1.46 ms, found 2 plugins.
Preloading 0 native plugins for Editor in 0.00 ms.
Unloading 4221 Unused Serialized files (Serialized files now loaded: 0)
System memory in use before: 197.0 MB.
System memory in use after: 197.2 MB.

Unloading 24 unused Assets to reduce memory usage. Loaded Objects now: 4670.
Total: 7.539800 ms (FindLiveObjects: 0.523900 ms CreateObjectMapping: 0.331700 ms MarkObjects: 6.548700 ms  DeleteObjects: 0.132900 ms)

AssetImportParameters requested are different than current active one (requested -> active):
  custom:framework-win-MediaFoundation: 216162199b28c13a410421893ffa2e32 -> 
  custom:video-decoder-ogg-theora: a1e56fd34408186e4bbccfd4996cb3dc -> 
  custom:container-muxer-webm: aa71ff27fc2769a1b78a27578f13a17b -> 
  custom:container-demuxer-webm: 4f35f7cbe854078d1ac9338744f61a02 -> 
  custom:container-demuxer-ogg: 62fdf1f143b41e24485cea50d1cbac27 -> 
  custom:video-encoder-webm-vp8: eb34c28f22e8b96e1ab97ce403110664 -> 
  custom:video-codec-MediaFoundation-h265: 746d11721c4dcdbdad8f713fa42b33f4 -> 
  custom:video-decoder-webm-vp8: 9c59270c3fd7afecdb556c50c9e8de78 -> 
  custom:audio-decoder-ogg-vorbis: bf7c407c2cedff20999df2af8eb42d56 -> 
  custom:audio-encoder-webm-vorbis: bf7c407c2cedff20999df2af8eb42d56 -> 
========================================================================
Received Import Request.
  path: Assets/SampleSceneAssets/TutorialInfo/Readme.asset
  artifactKey: Guid(83c2ed844a8c74b779a4c823d16594b1) Importer(815301076,1909f56bfc062723c751e8b465ee728b)
Start importing Assets/SampleSceneAssets/TutorialInfo/Readme.asset using Guid(83c2ed844a8c74b779a4c823d16594b1) Importer(815301076,1909f56bfc062723c751e8b465ee728b)  -> (artifact id: '2f526ef3cb39c3e098b46d739acdfcb0') in 0.090106 seconds 
  Import took 0.112844 seconds .

========================================================================
Received Import Request.
  Time since last request: 5.444350 seconds.
  path: Assets/SampleSceneAssets/Meshes/Props/Ball/Prefab/BallSmall_01.prefab
  artifactKey: Guid(cd2b215a20b3dff47abae5d2785aed7c) Importer(815301076,1909f56bfc062723c751e8b465ee728b)
Start importing Assets/SampleSceneAssets/Meshes/Props/Ball/Prefab/BallSmall_01.prefab using Guid(cd2b215a20b3dff47abae5d2785aed7c) Importer(815301076,1909f56bfc062723c751e8b465ee728b)  -> (artifact id: '82c6e269f063b70203abe926359d1a14') in 3.770638 seconds 
  Import took 3.802813 seconds .

========================================================================
Received Import Request.
  Time since last request: 0.000716 seconds.
  path: Packages/com.unity.render-pipelines.core/Runtime/Debugging/Prefabs/Widgets/DebugUI EnumHistory.prefab
  artifactKey: Guid(b2da6b27df236b144b3516ed8e7d36ac) Importer(815301076,1909f56bfc062723c751e8b465ee728b)
Start importing Packages/com.unity.render-pipelines.core/Runtime/Debugging/Prefabs/Widgets/DebugUI EnumHistory.prefab using Guid(b2da6b27df236b144b3516ed8e7d36ac) Importer(815301076,1909f56bfc062723c751e8b465ee728b)  -> (artifact id: 'de736991c7bb6be09755a0d9330d94a1') in 0.060834 seconds 
  Import took 0.079076 seconds .

========================================================================
Received Import Request.
  Time since last request: 0.000775 seconds.
  path: Assets/SampleSceneAssets/Meshes/Structure/Model/ST_Aisle_01.fbx
  artifactKey: Guid(a14c587d20d95c64b87da73879bf5894) Importer(815301076,1909f56bfc062723c751e8b465ee728b)
Start importing Assets/SampleSceneAssets/Meshes/Structure/Model/ST_Aisle_01.fbx using Guid(a14c587d20d95c64b87da73879bf5894) Importer(815301076,1909f56bfc062723c751e8b465ee728b)  -> (artifact id: '72541ced250826ca708ac312589d1cc5') in 2.017473 seconds 
  Import took 2.039022 seconds .

========================================================================
Received Import Request.
  Time since last request: 0.000615 seconds.
  path: Packages/com.unity.searcher/Editor/Resources/FlatSkin/Font/Roboto-Thin.ttf
  artifactKey: Guid(19a9abb883540be48b75b951a927ae03) Importer(815301076,1909f56bfc062723c751e8b465ee728b)
Start importing Packages/com.unity.searcher/Editor/Resources/FlatSkin/Font/Roboto-Thin.ttf using Guid(19a9abb883540be48b75b951a927ae03) Importer(815301076,1909f56bfc062723c751e8b465ee728b)  -> (artifact id: '455c54cb5b2b39ed5c6ea9ae444974a8') in 0.187227 seconds 
  Import took 0.205661 seconds .

========================================================================
Received Import Request.
  Time since last request: 0.000575 seconds.
  path: Assets/SampleSceneAssets/Meshes/Structure/Prefab/FR_SectionA_01.prefab
  artifactKey: Guid(7e9b6f9789d8de649bcf0487d29fd33f) Importer(815301076,1909f56bfc062723c751e8b465ee728b)
Start importing Assets/SampleSceneAssets/Meshes/Structure/Prefab/FR_SectionA_01.prefab using Guid(7e9b6f9789d8de649bcf0487d29fd33f) Importer(815301076,1909f56bfc062723c751e8b465ee728b)  -> (artifact id: '578afb74e823dfedc29cbb1916484019') in 1.250969 seconds 
  Import took 1.268098 seconds .

========================================================================
Received Import Request.
  Time since last request: 0.000643 seconds.
  path: Assets/SampleSceneAssets/Meshes/Props/Nature/Model/Bamboo_C.fbx
  artifactKey: Guid(d02feacdd25b360458c742d0b723ece0) Importer(815301076,1909f56bfc062723c751e8b465ee728b)
Start importing Assets/SampleSceneAssets/Meshes/Props/Nature/Model/Bamboo_C.fbx using Guid(d02feacdd25b360458c742d0b723ece0) Importer(815301076,1909f56bfc062723c751e8b465ee728b)  -> (artifact id: '88b3d59d999fe3d046c064eaf6e5523c') in 5.621076 seconds 
  Import took 5.640623 seconds .

========================================================================
Received Import Request.
  Time since last request: 0.000874 seconds.
  path: Assets/SampleSceneAssets/Meshes/Props/Nature/Model/Bamboo_A.fbx
  artifactKey: Guid(ec20dc31808dcd047a2c16c7bef30b83) Importer(815301076,1909f56bfc062723c751e8b465ee728b)
Start importing Assets/SampleSceneAssets/Meshes/Props/Nature/Model/Bamboo_A.fbx using Guid(ec20dc31808dcd047a2c16c7bef30b83) Importer(815301076,1909f56bfc062723c751e8b465ee728b)  -> (artifact id: '76035fc21c414b31fdfea02874bdf6e2') in 0.260545 seconds 
  Import took 0.287744 seconds .

========================================================================
Received Import Request.
  Time since last request: 0.000708 seconds.
  path: Assets/SampleSceneAssets/Materials/General/GlassDirt_Mat.mat
  artifactKey: Guid(cb70645871dc2f74981c86ec014a1cdf) Importer(815301076,1909f56bfc062723c751e8b465ee728b)
Start importing Assets/SampleSceneAssets/Materials/General/GlassDirt_Mat.mat using Guid(cb70645871dc2f74981c86ec014a1cdf) Importer(815301076,1909f56bfc062723c751e8b465ee728b)  -> (artifact id: '9a7a43595ad830378eb7d4c8c2275d3f') in 0.136672 seconds 
  Import took 0.155758 seconds .

========================================================================
Received Import Request.
  Time since last request: 0.000523 seconds.
  path: Assets/SampleSceneAssets/Materials/General/DecalWearDark_Mat.mat
  artifactKey: Guid(b1441bdf13e2e4c43a6f92783fe4adef) Importer(815301076,1909f56bfc062723c751e8b465ee728b)
Start importing Assets/SampleSceneAssets/Materials/General/DecalWearDark_Mat.mat using Guid(b1441bdf13e2e4c43a6f92783fe4adef) Importer(815301076,1909f56bfc062723c751e8b465ee728b)  -> (artifact id: '1542112cfd75ec009dda99e4bed38102') in 0.156294 seconds 
  Import took 0.177270 seconds .

========================================================================
Received Import Request.
  Time since last request: 0.000509 seconds.
  path: Assets/SampleSceneAssets/Meshes/Props/Nature/Prefab/Bamboo_A.prefab
  artifactKey: Guid(2d2095b3f1c3f3244bb95037ec5dd6f6) Importer(815301076,1909f56bfc062723c751e8b465ee728b)
Start importing Assets/SampleSceneAssets/Meshes/Props/Nature/Prefab/Bamboo_A.prefab using Guid(2d2095b3f1c3f3244bb95037ec5dd6f6) Importer(815301076,1909f56bfc062723c751e8b465ee728b)  -> (artifact id: '58b8e68c6beff7c253d6a4c71cd7d080') in 0.092196 seconds 
  Import took 0.113994 seconds .

========================================================================
Received Import Request.
  Time since last request: 0.000681 seconds.
  path: Assets/SampleSceneAssets/Meshes/Props/Furniture/Models/LoungeChair_01.fbx
  artifactKey: Guid(6e3ba455dd217e04a9db01a0853f7bf6) Importer(815301076,1909f56bfc062723c751e8b465ee728b)
Start importing Assets/SampleSceneAssets/Meshes/Props/Furniture/Models/LoungeChair_01.fbx using Guid(6e3ba455dd217e04a9db01a0853f7bf6) Importer(815301076,1909f56bfc062723c751e8b465ee728b)  -> (artifact id: '8250350a8d39cecb859123a8422fd53e') in 1.445157 seconds 
  Import took 1.472110 seconds .

========================================================================
Received Import Request.
  Time since last request: 0.000682 seconds.
  path: Packages/com.unity.render-pipelines.high-definition/Runtime/RenderPipelineResources/Mesh/Sphere.fbx
  artifactKey: Guid(9e0af751bc36ea146940ba245193e28c) Importer(815301076,1909f56bfc062723c751e8b465ee728b)
Start importing Packages/com.unity.render-pipelines.high-definition/Runtime/RenderPipelineResources/Mesh/Sphere.fbx using Guid(9e0af751bc36ea146940ba245193e28c) Importer(815301076,1909f56bfc062723c751e8b465ee728b)  -> (artifact id: '96b32c0bbfea4202e620ba293409433f') in 0.149157 seconds 
  Import took 0.167529 seconds .

========================================================================
Received Import Request.
  Time since last request: 0.000584 seconds.
  path: Assets/SampleSceneAssets/Meshes/Props/Nature/Model/Plant_C_03.fbx
  artifactKey: Guid(ef175d9f526e0ef47b7a8fb33cc9e136) Importer(815301076,1909f56bfc062723c751e8b465ee728b)
Start importing Assets/SampleSceneAssets/Meshes/Props/Nature/Model/Plant_C_03.fbx using Guid(ef175d9f526e0ef47b7a8fb33cc9e136) Importer(815301076,1909f56bfc062723c751e8b465ee728b)  -> (artifact id: '48a6b2ba99952c818547e6edb7831270') in 2.421771 seconds 
  Import took 2.449790 seconds .

========================================================================
Received Import Request.
  Time since last request: 0.000719 seconds.
  path: Packages/com.unity.render-pipelines.core/Runtime/Debugging/Prefabs/Widgets/DebugUI ToggleHistory.prefab
  artifactKey: Guid(5088d0220f0c4df439cf06c5c270eacb) Importer(815301076,1909f56bfc062723c751e8b465ee728b)
Start importing Packages/com.unity.render-pipelines.core/Runtime/Debugging/Prefabs/Widgets/DebugUI ToggleHistory.prefab using Guid(5088d0220f0c4df439cf06c5c270eacb) Importer(815301076,1909f56bfc062723c751e8b465ee728b)  -> (artifact id: 'a3eee06fee5591d463fad8deb1b89187') in 0.079705 seconds 
  Import took 0.098006 seconds .

========================================================================
Received Import Request.
  Time since last request: 0.000770 seconds.
  path: Packages/com.unity.searcher/Editor/Resources/FlatSkin/Font/Roboto-MediumItalic.ttf
  artifactKey: Guid(d93c1bc57fdf1ac4dad1bf04fac05464) Importer(815301076,1909f56bfc062723c751e8b465ee728b)
Start importing Packages/com.unity.searcher/Editor/Resources/FlatSkin/Font/Roboto-MediumItalic.ttf using Guid(d93c1bc57fdf1ac4dad1bf04fac05464) Importer(815301076,1909f56bfc062723c751e8b465ee728b)  -> (artifact id: '2a65a3065d10a80d6395b674b45f7aa0') in 0.106842 seconds 
  Import took 0.126148 seconds .

========================================================================
Received Import Request.
  Time since last request: 0.000390 seconds.
  path: Assets/SampleSceneAssets/Materials/General/WoodCounter_Mat.mat
  artifactKey: Guid(ad7596f0acaeee94e94ebedeb6de1a3c) Importer(815301076,1909f56bfc062723c751e8b465ee728b)
Start importing Assets/SampleSceneAssets/Materials/General/WoodCounter_Mat.mat using Guid(ad7596f0acaeee94e94ebedeb6de1a3c) Importer(815301076,1909f56bfc062723c751e8b465ee728b)  -> (artifact id: '3bb5955de746a87b219ba3e8fd3e008a') in 0.148880 seconds 
  Import took 0.167113 seconds .

========================================================================
Received Import Request.
  Time since last request: 0.000659 seconds.
  path: Assets/SampleSceneAssets/Materials/General/ShadowProxy_Mat.mat
  artifactKey: Guid(fdb87632bd4c94846b3d79e685010e46) Importer(815301076,1909f56bfc062723c751e8b465ee728b)
Start importing Assets/SampleSceneAssets/Materials/General/ShadowProxy_Mat.mat using Guid(fdb87632bd4c94846b3d79e685010e46) Importer(815301076,1909f56bfc062723c751e8b465ee728b)  -> (artifact id: '264ae74277520ec8ff32b8a06560ee3f') in 0.124080 seconds 
  Import took 0.143823 seconds .

========================================================================
Received Import Request.
  Time since last request: 0.000547 seconds.
  path: Assets/SampleSceneAssets/Materials/General/Aluminium_Mat.mat
  artifactKey: Guid(7e2338eeff7d3b0439250086f961228b) Importer(815301076,1909f56bfc062723c751e8b465ee728b)
Start importing Assets/SampleSceneAssets/Materials/General/Aluminium_Mat.mat using Guid(7e2338eeff7d3b0439250086f961228b) Importer(815301076,1909f56bfc062723c751e8b465ee728b)  -> (artifact id: '82dffef57e5d3b4b53a0799b3b2f8e70') in 1.605500 seconds 
  Import took 1.619092 seconds .

========================================================================
Received Import Request.
  Time since last request: 0.000325 seconds.
  path: Packages/com.unity.render-pipelines.high-definition/Runtime/RenderPipelineResources/Material/DefaultHDParticleMaterial.mat
  artifactKey: Guid(b739a3f02ff77bf48b7636e64c3e3b4c) Importer(815301076,1909f56bfc062723c751e8b465ee728b)
Start importing Packages/com.unity.render-pipelines.high-definition/Runtime/RenderPipelineResources/Material/DefaultHDParticleMaterial.mat using Guid(b739a3f02ff77bf48b7636e64c3e3b4c) Importer(815301076,1909f56bfc062723c751e8b465ee728b)  -> (artifact id: '9a6e8d0078cca8af908fd42633c59534') in 0.074846 seconds 
  Import took 0.089836 seconds .

========================================================================
Received Import Request.
  Time since last request: 0.000619 seconds.
  path: Assets/SampleSceneAssets/Materials/General/EmissiveStripLight_Mat.mat
  artifactKey: Guid(fb7b7efa023634c43844d5df813fe6a8) Importer(815301076,1909f56bfc062723c751e8b465ee728b)
Start importing Assets/SampleSceneAssets/Materials/General/EmissiveStripLight_Mat.mat using Guid(fb7b7efa023634c43844d5df813fe6a8) Importer(815301076,1909f56bfc062723c751e8b465ee728b)  -> (artifact id: 'dc1ce41f5a9aa0a897c0c9b7300a0c8d') in 1.003226 seconds 
  Import took 1.028484 seconds .

========================================================================
Received Import Request.
  Time since last request: 0.000626 seconds.
  path: Assets/SampleSceneAssets/Meshes/Props/Furniture/Prefabs/GlassCase_01.prefab
  artifactKey: Guid(b831ff5e0c2d5474595dad56ae83ee76) Importer(815301076,1909f56bfc062723c751e8b465ee728b)
Start importing Assets/SampleSceneAssets/Meshes/Props/Furniture/Prefabs/GlassCase_01.prefab using Guid(b831ff5e0c2d5474595dad56ae83ee76) Importer(815301076,1909f56bfc062723c751e8b465ee728b)  -> (artifact id: '8b0d769e7ee27b9a805918d126b5398e') in 0.176373 seconds 
  Import took 0.196910 seconds .

========================================================================
Received Import Request.
  Time since last request: 0.000575 seconds.
  path: Packages/com.unity.render-pipelines.high-definition/Editor/RenderPipelineResources/Material/GUITextureBlit2SRGB.mat
  artifactKey: Guid(6e95c04e4e686554e8bed96ee69f690c) Importer(815301076,1909f56bfc062723c751e8b465ee728b)
Start importing Packages/com.unity.render-pipelines.high-definition/Editor/RenderPipelineResources/Material/GUITextureBlit2SRGB.mat using Guid(6e95c04e4e686554e8bed96ee69f690c) Importer(815301076,1909f56bfc062723c751e8b465ee728b)  -> (artifact id: '0e343226eb56de911c77193d943176bd') in 0.089991 seconds 
  Import took 0.117511 seconds .

========================================================================
Received Import Request.
  Time since last request: 0.000625 seconds.
  path: Assets/SampleSceneAssets/Meshes/Structure/Model/SR_SectionCeiling_01.fbx
  artifactKey: Guid(a6dcdb995d91897419a0bac2b341b35d) Importer(815301076,1909f56bfc062723c751e8b465ee728b)
Start importing Assets/SampleSceneAssets/Meshes/Structure/Model/SR_SectionCeiling_01.fbx using Guid(a6dcdb995d91897419a0bac2b341b35d) Importer(815301076,1909f56bfc062723c751e8b465ee728b)  -> (artifact id: '1b2622df82834785428ead6b0e2ffbd7') in 0.205310 seconds 
  Import took 0.228758 seconds .

========================================================================
Received Import Request.
  Time since last request: 0.000716 seconds.
  path: Packages/com.unity.render-pipelines.core/Runtime/Debugging/Prefabs/Widgets/DebugUI Panel.prefab
  artifactKey: Guid(daa46a58178a6ad41ae1ddc2dc7f856d) Importer(815301076,1909f56bfc062723c751e8b465ee728b)
Start importing Packages/com.unity.render-pipelines.core/Runtime/Debugging/Prefabs/Widgets/DebugUI Panel.prefab using Guid(daa46a58178a6ad41ae1ddc2dc7f856d) Importer(815301076,1909f56bfc062723c751e8b465ee728b)  -> (artifact id: '4adfcfb44e6d70e1f2a2949ad86bf6e6') in 0.069936 seconds 
  Import took 0.089366 seconds .

========================================================================
Received Import Request.
  Time since last request: 0.000850 seconds.
  path: Assets/SampleSceneAssets/Meshes/Props/Nature/Model/Bush_01.fbx
  artifactKey: Guid(b75e331c16b1d094692ffdc1afe41612) Importer(815301076,1909f56bfc062723c751e8b465ee728b)
Start importing Assets/SampleSceneAssets/Meshes/Props/Nature/Model/Bush_01.fbx using Guid(b75e331c16b1d094692ffdc1afe41612) Importer(815301076,1909f56bfc062723c751e8b465ee728b)  -> (artifact id: '90fd3844f10a62ebe88b97428ef43a05') in 0.292094 seconds 
  Import took 0.311676 seconds .

========================================================================
Received Import Request.
  Time since last request: 0.000551 seconds.
  path: Assets/SampleSceneAssets/Meshes/Props/Furniture/Prefabs/BarStool_01.prefab
  artifactKey: Guid(e49f91931294e69448cea719aaa19235) Importer(815301076,1909f56bfc062723c751e8b465ee728b)
Start importing Assets/SampleSceneAssets/Meshes/Props/Furniture/Prefabs/BarStool_01.prefab using Guid(e49f91931294e69448cea719aaa19235) Importer(815301076,1909f56bfc062723c751e8b465ee728b)  -> (artifact id: 'a1cf9fbbb6128127869da276bb74ce8b') in 0.096643 seconds 
  Import took 0.117997 seconds .

========================================================================
Received Import Request.
  Time since last request: 0.000636 seconds.
  path: Assets/SampleSceneAssets/Meshes/Structure/Model/FR_SectionA_01.fbx
  artifactKey: Guid(d2564ebb3beeaca47b554810141df024) Importer(815301076,1909f56bfc062723c751e8b465ee728b)
Start importing Assets/SampleSceneAssets/Meshes/Structure/Model/FR_SectionA_01.fbx using Guid(d2564ebb3beeaca47b554810141df024) Importer(815301076,1909f56bfc062723c751e8b465ee728b)  -> (artifact id: 'b952fb9ff7a96c2846a81c131b804b6f') in 0.307746 seconds 
  Import took 0.328485 seconds .

========================================================================
Received Import Request.
  Time since last request: 0.000432 seconds.
  path: Assets/SampleSceneAssets/Materials/General/ConcreteHoles_Mat.mat
  artifactKey: Guid(cf59b8132f6cd2f49b8924afeed7674b) Importer(815301076,1909f56bfc062723c751e8b465ee728b)
Start importing Assets/SampleSceneAssets/Materials/General/ConcreteHoles_Mat.mat using Guid(cf59b8132f6cd2f49b8924afeed7674b) Importer(815301076,1909f56bfc062723c751e8b465ee728b)  -> (artifact id: 'fce6e15941c72bf5d3969552e73d70c1') in 0.178814 seconds 
  Import took 0.201170 seconds .

========================================================================
Received Import Request.
  Time since last request: 0.000992 seconds.
  path: Assets/SampleSceneAssets/Meshes/Props/Nature/Prefab/Bamboo_C.prefab
  artifactKey: Guid(7cbe92e839b7b6242ae4d3601855397f) Importer(815301076,1909f56bfc062723c751e8b465ee728b)
Start importing Assets/SampleSceneAssets/Meshes/Props/Nature/Prefab/Bamboo_C.prefab using Guid(7cbe92e839b7b6242ae4d3601855397f) Importer(815301076,1909f56bfc062723c751e8b465ee728b)  -> (artifact id: '3dec78432533ef2c420fe0296046c7c3') in 0.100474 seconds 
  Import took 0.129803 seconds .

========================================================================
Received Import Request.
  Time since last request: 0.000856 seconds.
  path: Assets/SampleSceneAssets/Meshes/Props/Lights/Prefab/Light_Point_Hotspot_Normal.prefab
  artifactKey: Guid(03aad6501deca1e4bafc449a2d7073e5) Importer(815301076,1909f56bfc062723c751e8b465ee728b)
Start importing Assets/SampleSceneAssets/Meshes/Props/Lights/Prefab/Light_Point_Hotspot_Normal.prefab using Guid(03aad6501deca1e4bafc449a2d7073e5) Importer(815301076,1909f56bfc062723c751e8b465ee728b)  -> (artifact id: 'cefbdca591554a84d99b6746ff4377d6') in 0.053133 seconds 
  Import took 0.071631 seconds .

========================================================================
Received Import Request.
  Time since last request: 0.000709 seconds.
  path: Assets/SampleSceneAssets/Meshes/Structure/Model/TR_CurveWall_01.fbx
  artifactKey: Guid(1afb92d10ccf8d440ab494fb20332849) Importer(815301076,1909f56bfc062723c751e8b465ee728b)
Start importing Assets/SampleSceneAssets/Meshes/Structure/Model/TR_CurveWall_01.fbx using Guid(1afb92d10ccf8d440ab494fb20332849) Importer(815301076,1909f56bfc062723c751e8b465ee728b)  -> (artifact id: '2dfa69984ff5aa409544f9f4d6935d83') in 0.261278 seconds 
  Import took 0.289261 seconds .

========================================================================
Received Import Request.
  Time since last request: 0.000969 seconds.
  path: Packages/com.unity.render-pipelines.high-definition/Runtime/RenderPipelineResources/Material/DefaultHDMirrorMaterial.mat
  artifactKey: Guid(6b17274157b33bc45b6a40e7d4ff51fe) Importer(815301076,1909f56bfc062723c751e8b465ee728b)
Start importing Packages/com.unity.render-pipelines.high-definition/Runtime/RenderPipelineResources/Material/DefaultHDMirrorMaterial.mat using Guid(6b17274157b33bc45b6a40e7d4ff51fe) Importer(815301076,1909f56bfc062723c751e8b465ee728b)  -> (artifact id: '4c58f608aaf4ff28e1b0e895f06c2166') in 0.090810 seconds 
  Import took 0.112267 seconds .

========================================================================
Received Import Request.
  Time since last request: 0.000532 seconds.
  path: Assets/SampleSceneAssets/Meshes/Structure/Model/SR_Pillar_01.fbx
  artifactKey: Guid(9ef6089f32dde634788c6de453630fa1) Importer(815301076,1909f56bfc062723c751e8b465ee728b)
Start importing Assets/SampleSceneAssets/Meshes/Structure/Model/SR_Pillar_01.fbx using Guid(9ef6089f32dde634788c6de453630fa1) Importer(815301076,1909f56bfc062723c751e8b465ee728b)  -> (artifact id: '074d3cbe2a78d6edb05ec5e40fccbb7d') in 0.199574 seconds 
  Import took 0.219554 seconds .

========================================================================
Received Import Request.
  Time since last request: 0.000479 seconds.
  path: Packages/com.unity.render-pipelines.high-definition/Runtime/RenderPipelineResources/Material/DefaultHDMaterial.mat
  artifactKey: Guid(73c176f402d2c2f4d929aa5da7585d17) Importer(815301076,1909f56bfc062723c751e8b465ee728b)
Start importing Packages/com.unity.render-pipelines.high-definition/Runtime/RenderPipelineResources/Material/DefaultHDMaterial.mat using Guid(73c176f402d2c2f4d929aa5da7585d17) Importer(815301076,1909f56bfc062723c751e8b465ee728b)  -> (artifact id: 'c2d2c264e7364b9722d44003ba0cd56d') in 0.082878 seconds 
  Import took 0.101279 seconds .

========================================================================
Received Import Request.
  Time since last request: 0.000453 seconds.
  path: Assets/SampleSceneAssets/Materials/General/Bamboo_Leaf_A.mat
  artifactKey: Guid(1ee01111bb691c348a61b9a5b38c8897) Importer(815301076,1909f56bfc062723c751e8b465ee728b)
Start importing Assets/SampleSceneAssets/Materials/General/Bamboo_Leaf_A.mat using Guid(1ee01111bb691c348a61b9a5b38c8897) Importer(815301076,1909f56bfc062723c751e8b465ee728b)  -> (artifact id: '676661cc1f70fddaac953c9f5ec0b9e2') in 0.101771 seconds 
  Import took 0.121565 seconds .

========================================================================
Received Import Request.
  Time since last request: 0.000654 seconds.
  path: Assets/SampleSceneAssets/Materials/General/Plant_C.mat
  artifactKey: Guid(e7da2788c96349246a9b40abfc02f83f) Importer(815301076,1909f56bfc062723c751e8b465ee728b)
Start importing Assets/SampleSceneAssets/Materials/General/Plant_C.mat using Guid(e7da2788c96349246a9b40abfc02f83f) Importer(815301076,1909f56bfc062723c751e8b465ee728b)  -> (artifact id: 'cfbe692bbeaa2c8d9719bde9cb0a2175') in 0.091241 seconds 
  Import took 0.109659 seconds .

========================================================================
Received Import Request.
  Time since last request: 0.000890 seconds.
  path: Packages/com.unity.render-pipelines.core/Runtime/Debugging/Prefabs/Fonts/Perfect DOS VGA 437.ttf
  artifactKey: Guid(74a5091d8707f334b9a5c31ef71a64ba) Importer(815301076,1909f56bfc062723c751e8b465ee728b)
Start importing Packages/com.unity.render-pipelines.core/Runtime/Debugging/Prefabs/Fonts/Perfect DOS VGA 437.ttf using Guid(74a5091d8707f334b9a5c31ef71a64ba) Importer(815301076,1909f56bfc062723c751e8b465ee728b)  -> (artifact id: 'cc5cd63c0deacc397e88312d6d6f046d') in 0.097270 seconds 
  Import took 0.116342 seconds .

========================================================================
Received Import Request.
  Time since last request: 0.000804 seconds.
  path: Assets/SampleSceneAssets/Materials/General/ConcreteSmooth_Mat.mat
  artifactKey: Guid(975c89d1f9e67f24a88b46d50fc95a09) Importer(815301076,1909f56bfc062723c751e8b465ee728b)
Start importing Assets/SampleSceneAssets/Materials/General/ConcreteSmooth_Mat.mat using Guid(975c89d1f9e67f24a88b46d50fc95a09) Importer(815301076,1909f56bfc062723c751e8b465ee728b)  -> (artifact id: 'b80207d0a88bd0158f31393df552aac2') in 0.104478 seconds 
  Import took 0.127097 seconds .

========================================================================
Received Import Request.
  Time since last request: 0.001002 seconds.
  path: Assets/SampleSceneAssets/Meshes/Props/Ball/Prefab/BallWithBase_01.prefab
  artifactKey: Guid(4f699647e46f5b941b976d9a1beba4cc) Importer(815301076,1909f56bfc062723c751e8b465ee728b)
Start importing Assets/SampleSceneAssets/Meshes/Props/Ball/Prefab/BallWithBase_01.prefab using Guid(4f699647e46f5b941b976d9a1beba4cc) Importer(815301076,1909f56bfc062723c751e8b465ee728b)  -> (artifact id: 'cf7752461e8193f2f3705e9c87c42632') in 1.327384 seconds 
  Import took 1.342084 seconds .

========================================================================
Received Import Request.
  Time since last request: 0.000283 seconds.
  path: Packages/com.unity.render-pipelines.high-definition/Runtime/RenderPipelineResources/Material/DefaultHDTerrainMaterial.mat
  artifactKey: Guid(22ff8771d87ef27429e670136399094b) Importer(815301076,1909f56bfc062723c751e8b465ee728b)
Start importing Packages/com.unity.render-pipelines.high-definition/Runtime/RenderPipelineResources/Material/DefaultHDTerrainMaterial.mat using Guid(22ff8771d87ef27429e670136399094b) Importer(815301076,1909f56bfc062723c751e8b465ee728b)  -> (artifact id: '503903c1d990bf0d33a686dc6bf1c2b1') in 1.492423 seconds 
  Import took 1.503704 seconds .

========================================================================
Received Import Request.
  Time since last request: 0.000642 seconds.
  path: Assets/SampleSceneAssets/Meshes/Props/Furniture/Models/GlassCase_01.fbx
  artifactKey: Guid(5ee624ffeecf1324aba047bca3298fe7) Importer(815301076,1909f56bfc062723c751e8b465ee728b)
Start importing Assets/SampleSceneAssets/Meshes/Props/Furniture/Models/GlassCase_01.fbx using Guid(5ee624ffeecf1324aba047bca3298fe7) Importer(815301076,1909f56bfc062723c751e8b465ee728b)  -> (artifact id: 'db96878defca2f79207aac8d60081e18') in 0.340663 seconds 
  Import took 0.358478 seconds .

========================================================================
Received Import Request.
  Time since last request: 0.000641 seconds.
  path: Packages/com.unity.render-pipelines.core/Runtime/Debugging/Prefabs/Widgets/DebugUI Vector3.prefab
  artifactKey: Guid(94afea5f242d72547979595ba963f335) Importer(815301076,1909f56bfc062723c751e8b465ee728b)
Start importing Packages/com.unity.render-pipelines.core/Runtime/Debugging/Prefabs/Widgets/DebugUI Vector3.prefab using Guid(94afea5f242d72547979595ba963f335) Importer(815301076,1909f56bfc062723c751e8b465ee728b)  -> (artifact id: '8d430adabb661ef57757fc3d8cc4a147') in 0.076352 seconds 
  Import took 0.095462 seconds .

========================================================================
Received Import Request.
  Time since last request: 0.000535 seconds.
  path: Assets/SampleSceneAssets/Meshes/Props/Nature/Model/Plant_C_02.fbx
  artifactKey: Guid(5e7a5827c5b20aa49b565a7cee3a2f2b) Importer(815301076,1909f56bfc062723c751e8b465ee728b)
Start importing Assets/SampleSceneAssets/Meshes/Props/Nature/Model/Plant_C_02.fbx using Guid(5e7a5827c5b20aa49b565a7cee3a2f2b) Importer(815301076,1909f56bfc062723c751e8b465ee728b)  -> (artifact id: '2ae9b447eff5d9a6485fb2648fd96fbf') in 0.233227 seconds 
  Import took 0.249812 seconds .

========================================================================
Received Import Request.
  Time since last request: 0.000515 seconds.
  path: Assets/SampleSceneAssets/Meshes/Props/Nature/Prefab/Bamboo_D.prefab
  artifactKey: Guid(617b9f0a15eda6b45877b951f35240ab) Importer(815301076,1909f56bfc062723c751e8b465ee728b)
Start importing Assets/SampleSceneAssets/Meshes/Props/Nature/Prefab/Bamboo_D.prefab using Guid(617b9f0a15eda6b45877b951f35240ab) Importer(815301076,1909f56bfc062723c751e8b465ee728b)  -> (artifact id: 'ebaff3f625898afadc38b50e494f3711') in 0.109511 seconds 
  Import took 0.137637 seconds .

========================================================================
Received Import Request.
  Time since last request: 0.000815 seconds.
  path: Assets/SampleSceneAssets/Meshes/Props/Nature/Model/Rock_A_02.fbx
  artifactKey: Guid(3bb55b9dc42e34c47b35dea94575a162) Importer(815301076,1909f56bfc062723c751e8b465ee728b)
Start importing Assets/SampleSceneAssets/Meshes/Props/Nature/Model/Rock_A_02.fbx using Guid(3bb55b9dc42e34c47b35dea94575a162) Importer(815301076,1909f56bfc062723c751e8b465ee728b)  -> (artifact id: '038d4ef61601fd48aae51e2e744db064') in 0.402807 seconds 
  Import took 0.424009 seconds .

========================================================================
Received Import Request.
  Time since last request: 0.000828 seconds.
  path: Packages/com.unity.render-pipelines.high-definition/Runtime/RenderPipelineResources/Mesh/HumanEyeModel.fbx
  artifactKey: Guid(bc7f614d61b9b2a49a9ca3530b20da5c) Importer(815301076,1909f56bfc062723c751e8b465ee728b)
Start importing Packages/com.unity.render-pipelines.high-definition/Runtime/RenderPipelineResources/Mesh/HumanEyeModel.fbx using Guid(bc7f614d61b9b2a49a9ca3530b20da5c) Importer(815301076,1909f56bfc062723c751e8b465ee728b)  -> (artifact id: '5e6b6c6734110ecf129b0561bc7a63a5') in 0.142546 seconds 
  Import took 0.162381 seconds .

========================================================================
Received Import Request.
  Time since last request: 0.000647 seconds.
  path: Packages/com.unity.render-pipelines.high-definition/Runtime/RenderPipelineResources/Mesh/UnityBall_Base.fbx
  artifactKey: Guid(232ab27f257e8524eacc2e73daf536f5) Importer(815301076,1909f56bfc062723c751e8b465ee728b)
Start importing Packages/com.unity.render-pipelines.high-definition/Runtime/RenderPipelineResources/Mesh/UnityBall_Base.fbx using Guid(232ab27f257e8524eacc2e73daf536f5) Importer(815301076,1909f56bfc062723c751e8b465ee728b)  -> (artifact id: 'af1f6e312b9d77b552934a72c666c1db') in 0.155541 seconds 
  Import took 0.176010 seconds .

========================================================================
Received Import Request.
  Time since last request: 0.000660 seconds.
  path: Assets/SampleSceneAssets/Materials/General/GlassDark_Mat.mat
  artifactKey: Guid(51396a457ace7ca459c474a7d7ed6ceb) Importer(815301076,1909f56bfc062723c751e8b465ee728b)
Start importing Assets/SampleSceneAssets/Materials/General/GlassDark_Mat.mat using Guid(51396a457ace7ca459c474a7d7ed6ceb) Importer(815301076,1909f56bfc062723c751e8b465ee728b)  -> (artifact id: 'b24711e63b67cabaef7154eefe72f0d3') in 47.687903 seconds 
  Import took 47.712672 seconds .

========================================================================
Received Import Request.
  Time since last request: 0.000776 seconds.
  path: Assets/SampleSceneAssets/Meshes/Props/Nature/Prefab/Bush_01.prefab
  artifactKey: Guid(55fb4d7d07bc4ed48b7461359c111300) Importer(815301076,1909f56bfc062723c751e8b465ee728b)
Start importing Assets/SampleSceneAssets/Meshes/Props/Nature/Prefab/Bush_01.prefab using Guid(55fb4d7d07bc4ed48b7461359c111300) Importer(815301076,1909f56bfc062723c751e8b465ee728b)  -> (artifact id: 'f7bfd9581c64c412f0c1cebd2725181a') in 0.125258 seconds 
  Import took 0.151605 seconds .

========================================================================
Received Import Request.
  Time since last request: 0.000691 seconds.
  path: Assets/SampleSceneAssets/Meshes/Lighting/ShadowProxy_01.fbx
  artifactKey: Guid(0b169a69f4f407145aa55021891e64fa) Importer(815301076,1909f56bfc062723c751e8b465ee728b)
Start importing Assets/SampleSceneAssets/Meshes/Lighting/ShadowProxy_01.fbx using Guid(0b169a69f4f407145aa55021891e64fa) Importer(815301076,1909f56bfc062723c751e8b465ee728b)  -> (artifact id: '3ef715f1828ac212cc4bcbc24bd642cd') in 0.199171 seconds 
  Import took 0.223228 seconds .

========================================================================
Received Import Request.
  Time since last request: 0.000634 seconds.
  path: Packages/com.unity.searcher/Editor/Resources/FlatSkin/Font/Roboto-BlackItalic.ttf
  artifactKey: Guid(f95147a9bab9fe649b8070170fa7ebd2) Importer(815301076,1909f56bfc062723c751e8b465ee728b)
Start importing Packages/com.unity.searcher/Editor/Resources/FlatSkin/Font/Roboto-BlackItalic.ttf using Guid(f95147a9bab9fe649b8070170fa7ebd2) Importer(815301076,1909f56bfc062723c751e8b465ee728b)  -> (artifact id: '1ae440b4ba9aa57fed336e4491c5d906') in 0.140376 seconds 
  Import took 0.158314 seconds .

========================================================================
Received Import Request.
  Time since last request: 0.000728 seconds.
  path: Assets/SampleSceneAssets/Meshes/Structure/Prefab/FR_Platform_01.prefab
  artifactKey: Guid(b31afbf48d7a11249b84d842fad98e9c) Importer(815301076,1909f56bfc062723c751e8b465ee728b)
Start importing Assets/SampleSceneAssets/Meshes/Structure/Prefab/FR_Platform_01.prefab using Guid(b31afbf48d7a11249b84d842fad98e9c) Importer(815301076,1909f56bfc062723c751e8b465ee728b)  -> (artifact id: '46f8169ce454f9b3049b305f64affada') in 0.240969 seconds 
  Import took 0.266883 seconds .

========================================================================
Received Import Request.
  Time since last request: 0.000825 seconds.
  path: Packages/com.unity.searcher/Editor/Resources/FlatSkin/Font/Roboto-Bold.ttf
  artifactKey: Guid(3750c318f40cab44a97d3a81beaefeb3) Importer(815301076,1909f56bfc062723c751e8b465ee728b)
Start importing Packages/com.unity.searcher/Editor/Resources/FlatSkin/Font/Roboto-Bold.ttf using Guid(3750c318f40cab44a97d3a81beaefeb3) Importer(815301076,1909f56bfc062723c751e8b465ee728b)  -> (artifact id: '9ecadf0186252f2d35af1d5441ac9b0e') in 0.134250 seconds 
  Import took 0.157622 seconds .

========================================================================
Received Import Request.
  Time since last request: 0.000730 seconds.
  path: Assets/SampleSceneAssets/Materials/General/ConcreteTaupe_Mat.mat
  artifactKey: Guid(8803ecc3c0ada6f48bbd21e716f8522b) Importer(815301076,1909f56bfc062723c751e8b465ee728b)
Start importing Assets/SampleSceneAssets/Materials/General/ConcreteTaupe_Mat.mat using Guid(8803ecc3c0ada6f48bbd21e716f8522b) Importer(815301076,1909f56bfc062723c751e8b465ee728b)  -> (artifact id: '32c772c0e0070c2af60ba9f628f9e09e') in 0.194269 seconds 
  Import took 0.219842 seconds .

========================================================================
Received Import Request.
  Time since last request: 0.000786 seconds.
  path: Assets/SampleSceneAssets/Meshes/Props/Nature/Model/Bamboo_D.fbx
  artifactKey: Guid(692379ddfbf364b42a862275c05ccc44) Importer(815301076,1909f56bfc062723c751e8b465ee728b)
Start importing Assets/SampleSceneAssets/Meshes/Props/Nature/Model/Bamboo_D.fbx using Guid(692379ddfbf364b42a862275c05ccc44) Importer(815301076,1909f56bfc062723c751e8b465ee728b)  -> (artifact id: 'bf15b41fc9fb8cbde2af55cc8094eb05') in 0.282958 seconds 
  Import took 0.307806 seconds .

========================================================================
Received Import Request.
  Time since last request: 0.000613 seconds.
  path: Assets/SampleSceneAssets/Materials/General/Rubber_Mat.mat
  artifactKey: Guid(1029b38bdee65ba4482ab14d2b7a9f04) Importer(815301076,1909f56bfc062723c751e8b465ee728b)
Start importing Assets/SampleSceneAssets/Materials/General/Rubber_Mat.mat using Guid(1029b38bdee65ba4482ab14d2b7a9f04) Importer(815301076,1909f56bfc062723c751e8b465ee728b)  -> (artifact id: '051f9fc19fe4a6190e7af0b3727f420d') in 0.168704 seconds 
  Import took 0.197569 seconds .

========================================================================
Received Import Request.
  Time since last request: 0.000390 seconds.
  path: Packages/com.unity.render-pipelines.core/Runtime/Debugging/Prefabs/Widgets/DebugUI Vector4.prefab
  artifactKey: Guid(d47f009476100f545971a81ede14c750) Importer(815301076,1909f56bfc062723c751e8b465ee728b)
Start importing Packages/com.unity.render-pipelines.core/Runtime/Debugging/Prefabs/Widgets/DebugUI Vector4.prefab using Guid(d47f009476100f545971a81ede14c750) Importer(815301076,1909f56bfc062723c751e8b465ee728b)  -> (artifact id: '6c1ac3f8d7c3652f2ba52bd44de31b6e') in 0.039103 seconds 
  Import took 0.062870 seconds .

========================================================================
Received Import Request.
  Time since last request: 0.000649 seconds.
  path: Packages/com.unity.render-pipelines.core/Runtime/Debugging/Prefabs/Widgets/DebugUI IntField.prefab
  artifactKey: Guid(ae00bb75e0cd5b04b8fe7fb4ab662629) Importer(815301076,1909f56bfc062723c751e8b465ee728b)
Start importing Packages/com.unity.render-pipelines.core/Runtime/Debugging/Prefabs/Widgets/DebugUI IntField.prefab using Guid(ae00bb75e0cd5b04b8fe7fb4ab662629) Importer(815301076,1909f56bfc062723c751e8b465ee728b)  -> (artifact id: 'f2a258fe7b87f91e7cc9fb1cf99abaa7') in 0.033570 seconds 
  Import took 0.058306 seconds .

========================================================================
Received Import Request.
  Time since last request: 0.000516 seconds.
  path: Assets/SampleSceneAssets/Meshes/Props/Nature/Model/Fern_01.fbx
  artifactKey: Guid(85161be91b7eeca488c205296f897b1e) Importer(815301076,1909f56bfc062723c751e8b465ee728b)
Start importing Assets/SampleSceneAssets/Meshes/Props/Nature/Model/Fern_01.fbx using Guid(85161be91b7eeca488c205296f897b1e) Importer(815301076,1909f56bfc062723c751e8b465ee728b)  -> (artifact id: '044952f6096f32defbbb2682d67f8a88') in 3.093553 seconds 
  Import took 3.118254 seconds .

========================================================================
Received Import Request.
  Time since last request: 0.000532 seconds.
  path: Assets/SampleSceneAssets/Meshes/Structure/Model/FR_Platform_01.fbx
  artifactKey: Guid(e89a4afe12d9bea49a7ee33cc1b98ab6) Importer(815301076,1909f56bfc062723c751e8b465ee728b)
Start importing Assets/SampleSceneAssets/Meshes/Structure/Model/FR_Platform_01.fbx using Guid(e89a4afe12d9bea49a7ee33cc1b98ab6) Importer(815301076,1909f56bfc062723c751e8b465ee728b)  -> (artifact id: 'ebd87181b1789f92e03a2ecb277d25cd') in 0.235652 seconds 
  Import took 0.264988 seconds .

========================================================================
Received Import Request.
  Time since last request: 0.000648 seconds.
  path: Assets/SampleSceneAssets/Meshes/Props/Nature/Model/Rock_A_03.fbx
  artifactKey: Guid(0347a2ca593e212468d38a00c0f15925) Importer(815301076,1909f56bfc062723c751e8b465ee728b)
Start importing Assets/SampleSceneAssets/Meshes/Props/Nature/Model/Rock_A_03.fbx using Guid(0347a2ca593e212468d38a00c0f15925) Importer(815301076,1909f56bfc062723c751e8b465ee728b)  -> (artifact id: '15419133d3fd1eb7a75c49852b01a920') in 0.349326 seconds 
  Import took 0.377695 seconds .

========================================================================
Received Import Request.
  Time since last request: 0.000517 seconds.
  path: Assets/SampleSceneAssets/Meshes/Structure/Model/SR_CurveWall_01.fbx
  artifactKey: Guid(7d54407955bf782428f29fdef43a314e) Importer(815301076,1909f56bfc062723c751e8b465ee728b)
Start importing Assets/SampleSceneAssets/Meshes/Structure/Model/SR_CurveWall_01.fbx using Guid(7d54407955bf782428f29fdef43a314e) Importer(815301076,1909f56bfc062723c751e8b465ee728b)  -> (artifact id: '9816420510d5751fe37450a75f8f6ddc') in 0.223117 seconds 
  Import took 0.256721 seconds .

========================================================================
Received Import Request.
  Time since last request: 0.000736 seconds.
  path: Assets/SampleSceneAssets/Materials/General/SandblastMetal_Mat.mat
  artifactKey: Guid(2d17ebb7fe958ff4898d2c0cd1dddce9) Importer(815301076,1909f56bfc062723c751e8b465ee728b)
Start importing Assets/SampleSceneAssets/Materials/General/SandblastMetal_Mat.mat using Guid(2d17ebb7fe958ff4898d2c0cd1dddce9) Importer(815301076,1909f56bfc062723c751e8b465ee728b)  -> (artifact id: '2be0da22b280ff3b2e6e9175e74ae8e4') in 0.092847 seconds 
  Import took 0.118725 seconds .

========================================================================
Received Import Request.
  Time since last request: 0.000672 seconds.
  path: Packages/com.unity.render-pipelines.high-definition/Runtime/RenderPipelineResources/Mesh/UnityBall.fbx
  artifactKey: Guid(abd6f93423e74814797118f1c6d9393b) Importer(815301076,1909f56bfc062723c751e8b465ee728b)
Start importing Packages/com.unity.render-pipelines.high-definition/Runtime/RenderPipelineResources/Mesh/UnityBall.fbx using Guid(abd6f93423e74814797118f1c6d9393b) Importer(815301076,1909f56bfc062723c751e8b465ee728b)  -> (artifact id: '7385754fd5f2d2fc56bc0181b6b92ff1') in 0.125511 seconds 
  Import took 0.152207 seconds .

========================================================================
Received Import Request.
  Time since last request: 0.000381 seconds.
  path: Assets/SampleSceneAssets/Materials/General/Ground_Mat.mat
  artifactKey: Guid(80c783de8f9d2de49aa80661a4466819) Importer(815301076,1909f56bfc062723c751e8b465ee728b)
Start importing Assets/SampleSceneAssets/Materials/General/Ground_Mat.mat using Guid(80c783de8f9d2de49aa80661a4466819) Importer(815301076,1909f56bfc062723c751e8b465ee728b)  -> (artifact id: 'b3f41ed1378b06c4b3db2eba3f05272c') in 0.112417 seconds 
  Import took 0.147015 seconds .

========================================================================
Received Import Request.
  Time since last request: 0.000575 seconds.
  path: Assets/SampleSceneAssets/Meshes/Props/Furniture/Models/Barstool_01.fbx
  artifactKey: Guid(729b08ff66518024f98cf8a1414b0629) Importer(815301076,1909f56bfc062723c751e8b465ee728b)
Start importing Assets/SampleSceneAssets/Meshes/Props/Furniture/Models/Barstool_01.fbx using Guid(729b08ff66518024f98cf8a1414b0629) Importer(815301076,1909f56bfc062723c751e8b465ee728b)  -> (artifact id: '7e62abbfc61cf1e7d6b217391c682a8f') in 0.154876 seconds 
  Import took 0.178648 seconds .

========================================================================
Received Import Request.
  Time since last request: 0.000544 seconds.
  path: Packages/com.unity.render-pipelines.core/Runtime/Debugging/Prefabs/Widgets/DebugUI VBox.prefab
  artifactKey: Guid(ca3e294656861a64b8aeeb9f916da0a9) Importer(815301076,1909f56bfc062723c751e8b465ee728b)
Start importing Packages/com.unity.render-pipelines.core/Runtime/Debugging/Prefabs/Widgets/DebugUI VBox.prefab using Guid(ca3e294656861a64b8aeeb9f916da0a9) Importer(815301076,1909f56bfc062723c751e8b465ee728b)  -> (artifact id: '4d6a1721b682913e89db7410376fd3fd') in 0.038132 seconds 
  Import took 0.062163 seconds .

========================================================================
Received Import Request.
  Time since last request: 0.000574 seconds.
  path: Assets/SampleSceneAssets/Materials/General/Concrete_Edge_Decal.prefab
  artifactKey: Guid(4751770e0dc8c1149aa554360ae6087b) Importer(815301076,1909f56bfc062723c751e8b465ee728b)
Start importing Assets/SampleSceneAssets/Materials/General/Concrete_Edge_Decal.prefab using Guid(4751770e0dc8c1149aa554360ae6087b) Importer(815301076,1909f56bfc062723c751e8b465ee728b)  -> (artifact id: '873d028053200b8e3d87ef827a7c3fde') in 0.054018 seconds 
  Import took 0.077483 seconds .

========================================================================
Received Import Request.
  Time since last request: 0.000615 seconds.
  path: Assets/SampleSceneAssets/Meshes/Structure/Model/TR_SectionB_01.fbx
  artifactKey: Guid(d69ba50c5030c154ca8ed64a2d0fef3f) Importer(815301076,1909f56bfc062723c751e8b465ee728b)
Start importing Assets/SampleSceneAssets/Meshes/Structure/Model/TR_SectionB_01.fbx using Guid(d69ba50c5030c154ca8ed64a2d0fef3f) Importer(815301076,1909f56bfc062723c751e8b465ee728b)  -> (artifact id: '18841a67a6cc9b2ea5e37b8179bd0fc1') in 0.303821 seconds 
  Import took 0.325023 seconds .

========================================================================
Received Import Request.
  Time since last request: 0.000751 seconds.
  path: Packages/com.unity.searcher/Editor/Resources/FlatSkin/Font/Roboto-Medium.ttf
  artifactKey: Guid(a51a3aebb43ac044989270407476b208) Importer(815301076,1909f56bfc062723c751e8b465ee728b)
Start importing Packages/com.unity.searcher/Editor/Resources/FlatSkin/Font/Roboto-Medium.ttf using Guid(a51a3aebb43ac044989270407476b208) Importer(815301076,1909f56bfc062723c751e8b465ee728b)  -> (artifact id: '635e9fb88dad1d74869286e87ac327b8') in 0.133208 seconds 
  Import took 0.154829 seconds .

========================================================================
Received Import Request.
  Time since last request: 0.000669 seconds.
  path: Packages/com.unity.searcher/Editor/Resources/FlatSkin/Font/Roboto-BoldItalic.ttf
  artifactKey: Guid(dfb97a9307a577a41bcacba34b9a7e32) Importer(815301076,1909f56bfc062723c751e8b465ee728b)
Start importing Packages/com.unity.searcher/Editor/Resources/FlatSkin/Font/Roboto-BoldItalic.ttf using Guid(dfb97a9307a577a41bcacba34b9a7e32) Importer(815301076,1909f56bfc062723c751e8b465ee728b)  -> (artifact id: 'ef8b4e639b94aeba3558f408bf18f3c7') in 0.120788 seconds 
  Import took 0.143492 seconds .

========================================================================
Received Import Request.
  Time since last request: 0.000544 seconds.
  path: Packages/com.unity.render-pipelines.high-definition/Runtime/RenderPipelineResources/Mesh/Quad.fbx
  artifactKey: Guid(1d5a8595286f94f4bb54171d49f473c3) Importer(815301076,1909f56bfc062723c751e8b465ee728b)
Start importing Packages/com.unity.render-pipelines.high-definition/Runtime/RenderPipelineResources/Mesh/Quad.fbx using Guid(1d5a8595286f94f4bb54171d49f473c3) Importer(815301076,1909f56bfc062723c751e8b465ee728b)  -> (artifact id: 'd8641f514a741ae66c26c3c2f0b738d1') in 0.126934 seconds 
  Import took 0.149326 seconds .

========================================================================
Received Import Request.
  Time since last request: 0.000410 seconds.
  path: Packages/com.unity.searcher/Editor/Resources/FlatSkin/Font/Roboto-LightItalic.ttf
  artifactKey: Guid(5e63515167650a541b309ba3bfd4db3d) Importer(815301076,1909f56bfc062723c751e8b465ee728b)
Start importing Packages/com.unity.searcher/Editor/Resources/FlatSkin/Font/Roboto-LightItalic.ttf using Guid(5e63515167650a541b309ba3bfd4db3d) Importer(815301076,1909f56bfc062723c751e8b465ee728b)  -> (artifact id: 'eeeddd8b7bd97c95f4f8d5a369f0d1ba') in 0.112681 seconds 
  Import took 0.134884 seconds .

========================================================================
Received Import Request.
  Time since last request: 0.000437 seconds.
  path: Packages/com.unity.render-pipelines.core/Runtime/Debugging/Prefabs/Widgets/DebugUI Group.prefab
  artifactKey: Guid(38a07789c9e87004dad98c2909f58369) Importer(815301076,1909f56bfc062723c751e8b465ee728b)
Start importing Packages/com.unity.render-pipelines.core/Runtime/Debugging/Prefabs/Widgets/DebugUI Group.prefab using Guid(38a07789c9e87004dad98c2909f58369) Importer(815301076,1909f56bfc062723c751e8b465ee728b)  -> (artifact id: '8642796025e027c9a2099aba747fe9d4') in 0.040597 seconds 
  Import took 0.066386 seconds .

========================================================================
Received Import Request.
  Time since last request: 0.000463 seconds.
  path: Assets/SampleSceneAssets/Materials/General/DecalWear_Mat.mat
  artifactKey: Guid(753df2e0125847048a1945118de016e9) Importer(815301076,1909f56bfc062723c751e8b465ee728b)
Start importing Assets/SampleSceneAssets/Materials/General/DecalWear_Mat.mat using Guid(753df2e0125847048a1945118de016e9) Importer(815301076,1909f56bfc062723c751e8b465ee728b)  -> (artifact id: '511164f3ced94ceb24e50f8ea5d1420e') in 0.096024 seconds 
  Import took 0.119642 seconds .

========================================================================
Received Import Request.
  Time since last request: 0.000557 seconds.
  path: Assets/SampleSceneAssets/Meshes/Props/Nature/Prefab/Fern_01.prefab
  artifactKey: Guid(0a1b602fab799994198f1ac6c6a0d2de) Importer(815301076,1909f56bfc062723c751e8b465ee728b)
Start importing Assets/SampleSceneAssets/Meshes/Props/Nature/Prefab/Fern_01.prefab using Guid(0a1b602fab799994198f1ac6c6a0d2de) Importer(815301076,1909f56bfc062723c751e8b465ee728b)  -> (artifact id: '598331f7af364841e1e99bbfa421e41b') in 0.108701 seconds 
  Import took 0.130688 seconds .

========================================================================
Received Import Request.
  Time since last request: 0.000514 seconds.
  path: Assets/SampleSceneAssets/Meshes/Props/Lights/Model/Spotlight_Structure_01a.fbx
  artifactKey: Guid(873aa2b3c4d69c64eb42d11d17dfbca8) Importer(815301076,1909f56bfc062723c751e8b465ee728b)
Start importing Assets/SampleSceneAssets/Meshes/Props/Lights/Model/Spotlight_Structure_01a.fbx using Guid(873aa2b3c4d69c64eb42d11d17dfbca8) Importer(815301076,1909f56bfc062723c751e8b465ee728b)  -> (artifact id: 'ed9324fae7f9392adf6d298635db9359') in 0.434101 seconds 
  Import took 0.464518 seconds .

========================================================================
Received Import Request.
  Time since last request: 0.000438 seconds.
  path: Assets/SampleSceneAssets/Meshes/Structure/Model/Railing_01.fbx
  artifactKey: Guid(b6b88a1ea8b8326409893560e5e6fac7) Importer(815301076,1909f56bfc062723c751e8b465ee728b)
Start importing Assets/SampleSceneAssets/Meshes/Structure/Model/Railing_01.fbx using Guid(b6b88a1ea8b8326409893560e5e6fac7) Importer(815301076,1909f56bfc062723c751e8b465ee728b)  -> (artifact id: 'bf5847035a640c1b6ae2ff0131fd6fb1') in 0.205733 seconds 
  Import took 0.224217 seconds .

========================================================================
Received Import Request.
  Time since last request: 0.000554 seconds.
  path: Assets/SampleSceneAssets/Materials/General/WallDirt_Mat.mat
  artifactKey: Guid(695771bab024a834dbb2756b86ed03ef) Importer(815301076,1909f56bfc062723c751e8b465ee728b)
Start importing Assets/SampleSceneAssets/Materials/General/WallDirt_Mat.mat using Guid(695771bab024a834dbb2756b86ed03ef) Importer(815301076,1909f56bfc062723c751e8b465ee728b)  -> (artifact id: 'cf4a637c4fcbaeca64460c2cd7fff456') in 0.099296 seconds 
  Import took 0.122477 seconds .

========================================================================
Received Import Request.
  Time since last request: 0.000707 seconds.
  path: Packages/com.unity.render-pipelines.high-definition/Runtime/RenderPipelineResources/Material/DefaultHDDecalMaterial.mat
  artifactKey: Guid(500e733574922d04ea961553b1b26a63) Importer(815301076,1909f56bfc062723c751e8b465ee728b)
Start importing Packages/com.unity.render-pipelines.high-definition/Runtime/RenderPipelineResources/Material/DefaultHDDecalMaterial.mat using Guid(500e733574922d04ea961553b1b26a63) Importer(815301076,1909f56bfc062723c751e8b465ee728b)  -> (artifact id: '224882f03a94901f59f41c38f3766cbd') in 0.090422 seconds 
  Import took 0.111704 seconds .

========================================================================
Received Import Request.
  Time since last request: 0.000602 seconds.
  path: Assets/SampleSceneAssets/Meshes/Props/Lights/Model/Spotlight_Spot_01b.fbx
  artifactKey: Guid(9c519041225bfa644bfc865f3ccb3b03) Importer(815301076,1909f56bfc062723c751e8b465ee728b)
Start importing Assets/SampleSceneAssets/Meshes/Props/Lights/Model/Spotlight_Spot_01b.fbx using Guid(9c519041225bfa644bfc865f3ccb3b03) Importer(815301076,1909f56bfc062723c751e8b465ee728b)  -> (artifact id: '4bbda1aa5d542095e1eae69045e664b5') in 0.346857 seconds 
  Import took 0.367055 seconds .

========================================================================
Received Import Request.
  Time since last request: 0.000561 seconds.
  path: Assets/SampleSceneAssets/Meshes/Structure/Model/TR_Counter_01.fbx
  artifactKey: Guid(93a4b7efc82a6bf48ae489a6b36f228d) Importer(815301076,1909f56bfc062723c751e8b465ee728b)
Start importing Assets/SampleSceneAssets/Meshes/Structure/Model/TR_Counter_01.fbx using Guid(93a4b7efc82a6bf48ae489a6b36f228d) Importer(815301076,1909f56bfc062723c751e8b465ee728b)  -> (artifact id: '6e0a36face570ed9fa2004375c9bdd48') in 0.218448 seconds 
  Import took 0.237349 seconds .

========================================================================
Received Import Request.
  Time since last request: 0.000576 seconds.
  path: Packages/com.unity.render-pipelines.core/Runtime/Debugging/Prefabs/Widgets/DebugUI Row.prefab
  artifactKey: Guid(2d019437ff89b8d44949727731cd9357) Importer(815301076,1909f56bfc062723c751e8b465ee728b)
Start importing Packages/com.unity.render-pipelines.core/Runtime/Debugging/Prefabs/Widgets/DebugUI Row.prefab using Guid(2d019437ff89b8d44949727731cd9357) Importer(815301076,1909f56bfc062723c751e8b465ee728b)  -> (artifact id: 'cec56d03814b15431c5618e0bdf7e6f1') in 0.040031 seconds 
  Import took 0.057548 seconds .

========================================================================
Received Import Request.
  Time since last request: 0.000674 seconds.
  path: Packages/com.unity.render-pipelines.core/Runtime/Debugging/Prefabs/Widgets/DebugUI Foldout.prefab
  artifactKey: Guid(1c87ab2ce8b8b304d98fbe9a734b1f74) Importer(815301076,1909f56bfc062723c751e8b465ee728b)
Start importing Packages/com.unity.render-pipelines.core/Runtime/Debugging/Prefabs/Widgets/DebugUI Foldout.prefab using Guid(1c87ab2ce8b8b304d98fbe9a734b1f74) Importer(815301076,1909f56bfc062723c751e8b465ee728b)  -> (artifact id: '82893f14565e8abc2cb799450ecfc4a3') in 0.032081 seconds 
  Import took 0.049192 seconds .

========================================================================
Received Import Request.
  Time since last request: 0.000574 seconds.
  path: Assets/SampleSceneAssets/Materials/General/ConcreteRough_Mat.mat
  artifactKey: Guid(2d5eb5266d7bdbf49a5a251d8dcecbeb) Importer(815301076,1909f56bfc062723c751e8b465ee728b)
Start importing Assets/SampleSceneAssets/Materials/General/ConcreteRough_Mat.mat using Guid(2d5eb5266d7bdbf49a5a251d8dcecbeb) Importer(815301076,1909f56bfc062723c751e8b465ee728b)  -> (artifact id: '1267f56d28545139dc751a7361d46591') in 0.090392 seconds 
  Import took 0.109428 seconds .

========================================================================
Received Import Request.
  Time since last request: 0.000574 seconds.
  path: Assets/SampleSceneAssets/Materials/General/MetalBlack_Mat.mat
  artifactKey: Guid(c9af0dbe88854d64aa8e276b41a10462) Importer(815301076,1909f56bfc062723c751e8b465ee728b)
Start importing Assets/SampleSceneAssets/Materials/General/MetalBlack_Mat.mat using Guid(c9af0dbe88854d64aa8e276b41a10462) Importer(815301076,1909f56bfc062723c751e8b465ee728b)  -> (artifact id: 'd804f6fafcf4dcb25bc4caf15f5feaec') in 0.092344 seconds 
  Import took 0.111786 seconds .

========================================================================
Received Import Request.
  Time since last request: 0.000781 seconds.
  path: Packages/com.unity.render-pipelines.core/Runtime/Debugging/Prefabs/Widgets/DebugUI UIntField.prefab
  artifactKey: Guid(f22bcc84a5f4a1944b075a2c4ac71493) Importer(815301076,1909f56bfc062723c751e8b465ee728b)
Start importing Packages/com.unity.render-pipelines.core/Runtime/Debugging/Prefabs/Widgets/DebugUI UIntField.prefab using Guid(f22bcc84a5f4a1944b075a2c4ac71493) Importer(815301076,1909f56bfc062723c751e8b465ee728b)  -> (artifact id: '41b64662be3199843299cc82d85b261a') in 0.031836 seconds 
  Import took 0.053344 seconds .

========================================================================
Received Import Request.
  Time since last request: 0.000744 seconds.
  path: Assets/SampleSceneAssets/Materials/General/Fabric_Mat.mat
  artifactKey: Guid(d7e92d5116171344ba594f9d547cd085) Importer(815301076,1909f56bfc062723c751e8b465ee728b)
Start importing Assets/SampleSceneAssets/Materials/General/Fabric_Mat.mat using Guid(d7e92d5116171344ba594f9d547cd085) Importer(815301076,1909f56bfc062723c751e8b465ee728b)  -> (artifact id: '8b8a716aab42c83581d25180c473e506') in 0.096729 seconds 
  Import took 0.116838 seconds .

========================================================================
Received Import Request.
  Time since last request: 0.000690 seconds.
  path: Assets/SampleSceneAssets/Meshes/Structure/Model/FS_Aisle_01.fbx
  artifactKey: Guid(5991ec3b02565304692b00788ab59fa9) Importer(815301076,1909f56bfc062723c751e8b465ee728b)
Start importing Assets/SampleSceneAssets/Meshes/Structure/Model/FS_Aisle_01.fbx using Guid(5991ec3b02565304692b00788ab59fa9) Importer(815301076,1909f56bfc062723c751e8b465ee728b)  -> (artifact id: '4e28c7ce7e871e0bf66e757bc34f0d39') in 0.220682 seconds 
  Import took 0.242371 seconds .

========================================================================
Received Import Request.
  Time since last request: 0.000693 seconds.
  path: Assets/SampleSceneAssets/Meshes/Props/Lights/Model/CeilingLamp_Lamp_01.fbx
  artifactKey: Guid(7931acb98e4dbae4fb720b7c34166bec) Importer(815301076,1909f56bfc062723c751e8b465ee728b)
Start importing Assets/SampleSceneAssets/Meshes/Props/Lights/Model/CeilingLamp_Lamp_01.fbx using Guid(7931acb98e4dbae4fb720b7c34166bec) Importer(815301076,1909f56bfc062723c751e8b465ee728b)  -> (artifact id: '1c7c2c9c1e8ec3cd2db785cdcd01a9ee') in 0.244818 seconds 
  Import took 0.264252 seconds .

========================================================================
Received Import Request.
  Time since last request: 0.001076 seconds.
  path: Assets/SampleSceneAssets/Meshes/Props/Furniture/Models/RoundTable_01.fbx
  artifactKey: Guid(8017e1c6af27e2940b3bb83f6c6ebcc5) Importer(815301076,1909f56bfc062723c751e8b465ee728b)
Start importing Assets/SampleSceneAssets/Meshes/Props/Furniture/Models/RoundTable_01.fbx using Guid(8017e1c6af27e2940b3bb83f6c6ebcc5) Importer(815301076,1909f56bfc062723c751e8b465ee728b)  -> (artifact id: '7cf3ee29f61bf596f9494cf2ff6b6748') in 0.386442 seconds 
  Import took 0.416075 seconds .

========================================================================
Received Import Request.
  Time since last request: 0.000814 seconds.
  path: Assets/SampleSceneAssets/Meshes/Structure/Prefab/FS_Aisle_01.prefab
  artifactKey: Guid(34ae16c55c6bb5c499850a48a9da2858) Importer(815301076,1909f56bfc062723c751e8b465ee728b)
Start importing Assets/SampleSceneAssets/Meshes/Structure/Prefab/FS_Aisle_01.prefab using Guid(34ae16c55c6bb5c499850a48a9da2858) Importer(815301076,1909f56bfc062723c751e8b465ee728b)  -> (artifact id: '84be44eb931e2d833bea49582272d34f') in 0.104076 seconds 
  Import took 0.133008 seconds .

========================================================================
Received Import Request.
  Time since last request: 0.000726 seconds.
  path: Assets/SampleSceneAssets/Meshes/Props/Lights/Prefab/CeilingLamp_01.prefab
  artifactKey: Guid(76336da601705b24888cb14d8af76073) Importer(815301076,1909f56bfc062723c751e8b465ee728b)
Start importing Assets/SampleSceneAssets/Meshes/Props/Lights/Prefab/CeilingLamp_01.prefab using Guid(76336da601705b24888cb14d8af76073) Importer(815301076,1909f56bfc062723c751e8b465ee728b)  -> (artifact id: '5dd7e2d2063354d7c310f821b8447593') in 0.144933 seconds 
  Import took 0.170452 seconds .

========================================================================
Received Import Request.
  Time since last request: 0.000539 seconds.
  path: Packages/com.unity.render-pipelines.core/Runtime/Debugging/Prefabs/Widgets/DebugUI Button.prefab
  artifactKey: Guid(f6ce33b91f6ffe54cadacbf4bb112440) Importer(815301076,1909f56bfc062723c751e8b465ee728b)
Start importing Packages/com.unity.render-pipelines.core/Runtime/Debugging/Prefabs/Widgets/DebugUI Button.prefab using Guid(f6ce33b91f6ffe54cadacbf4bb112440) Importer(815301076,1909f56bfc062723c751e8b465ee728b)  -> (artifact id: '776f70cdf1ca70bd2ecc7cbf92ffa864') in 0.044708 seconds 
  Import took 0.064043 seconds .

========================================================================
Received Import Request.
  Time since last request: 0.000426 seconds.
  path: Assets/SampleSceneAssets/Meshes/Props/Furniture/Models/Pot_01.fbx
  artifactKey: Guid(6ab1bb6455af87b4eb54f8d4c9523975) Importer(815301076,1909f56bfc062723c751e8b465ee728b)
Start importing Assets/SampleSceneAssets/Meshes/Props/Furniture/Models/Pot_01.fbx using Guid(6ab1bb6455af87b4eb54f8d4c9523975) Importer(815301076,1909f56bfc062723c751e8b465ee728b)  -> (artifact id: 'b8db4a295548ee8924b2df1c08259d12') in 0.259339 seconds 
  Import took 0.278869 seconds .

========================================================================
Received Import Request.
  Time since last request: 0.000601 seconds.
  path: Assets/SampleSceneAssets/Meshes/Props/Lights/Model/Spotlight_Spot_01a.fbx
  artifactKey: Guid(4ad8548a0773a9647aa779c9b5e6cd54) Importer(815301076,1909f56bfc062723c751e8b465ee728b)
Start importing Assets/SampleSceneAssets/Meshes/Props/Lights/Model/Spotlight_Spot_01a.fbx using Guid(4ad8548a0773a9647aa779c9b5e6cd54) Importer(815301076,1909f56bfc062723c751e8b465ee728b)  -> (artifact id: '424cc7717f9ab0e8a971368295def915') in 0.380510 seconds 
  Import took 0.400487 seconds .

========================================================================
Received Import Request.
  Time since last request: 0.000700 seconds.
  path: Assets/SampleSceneAssets/Materials/General/ConcreteMatteGrey_Mat.mat
  artifactKey: Guid(f042a9897837021468ecfcb204be998e) Importer(815301076,1909f56bfc062723c751e8b465ee728b)
Start importing Assets/SampleSceneAssets/Materials/General/ConcreteMatteGrey_Mat.mat using Guid(f042a9897837021468ecfcb204be998e) Importer(815301076,1909f56bfc062723c751e8b465ee728b)  -> (artifact id: '1ad84e8a01b121f90fd7bf72b0b5c268') in 0.098475 seconds 
  Import took 0.117480 seconds .

========================================================================
Received Import Request.
  Time since last request: 0.000549 seconds.
  path: Packages/com.unity.searcher/Editor/Resources/FlatSkin/Font/Roboto-Black.ttf
  artifactKey: Guid(1062c701058745940ae5dca6219c64c8) Importer(815301076,1909f56bfc062723c751e8b465ee728b)
Start importing Packages/com.unity.searcher/Editor/Resources/FlatSkin/Font/Roboto-Black.ttf using Guid(1062c701058745940ae5dca6219c64c8) Importer(815301076,1909f56bfc062723c751e8b465ee728b)  -> (artifact id: '977693caad352fe033569d62993e626b') in 0.102504 seconds 
  Import took 0.123443 seconds .

========================================================================
Received Import Request.
  Time since last request: 0.000733 seconds.
  path: Assets/SampleSceneAssets/Meshes/Structure/Model/TR_SectionA_01.fbx
  artifactKey: Guid(78ec04c4abf3e224fa4403171c5420d0) Importer(815301076,1909f56bfc062723c751e8b465ee728b)
Start importing Assets/SampleSceneAssets/Meshes/Structure/Model/TR_SectionA_01.fbx using Guid(78ec04c4abf3e224fa4403171c5420d0) Importer(815301076,1909f56bfc062723c751e8b465ee728b)  -> (artifact id: '3023de336caa8187d21d219dabe80aa6') in 0.221160 seconds 
  Import took 0.242832 seconds .

========================================================================
Received Import Request.
  Time since last request: 0.000764 seconds.
  path: Packages/com.unity.render-pipelines.high-definition/Runtime/RenderPipelineResources/Mesh/Cylinder.fbx
  artifactKey: Guid(accb6d90f0d50fe4ca0f68159b4323de) Importer(815301076,1909f56bfc062723c751e8b465ee728b)
Start importing Packages/com.unity.render-pipelines.high-definition/Runtime/RenderPipelineResources/Mesh/Cylinder.fbx using Guid(accb6d90f0d50fe4ca0f68159b4323de) Importer(815301076,1909f56bfc062723c751e8b465ee728b)  -> (artifact id: 'ab6036da6529cdf1b06ccb771a427878') in 0.148243 seconds 
  Import took 0.168453 seconds .

========================================================================
Received Import Request.
  Time since last request: 0.000390 seconds.
  path: Packages/com.unity.render-pipelines.core/Runtime/Debugging/Prefabs/Widgets/DebugUI EnumField.prefab
  artifactKey: Guid(988db55689193434fb0b3b89538f978f) Importer(815301076,1909f56bfc062723c751e8b465ee728b)
Start importing Packages/com.unity.render-pipelines.core/Runtime/Debugging/Prefabs/Widgets/DebugUI EnumField.prefab using Guid(988db55689193434fb0b3b89538f978f) Importer(815301076,1909f56bfc062723c751e8b465ee728b)  -> (artifact id: '4f81b771b41cb95d4594527d5d5a50ed') in 0.032932 seconds 
  Import took 0.050871 seconds .

========================================================================
Received Import Request.
  Time since last request: 0.000757 seconds.
  path: Packages/com.unity.searcher/Editor/Resources/FlatSkin/Font/Roboto-Regular.ttf
  artifactKey: Guid(30dc370b164eefc43b95744fc796dad0) Importer(815301076,1909f56bfc062723c751e8b465ee728b)
Start importing Packages/com.unity.searcher/Editor/Resources/FlatSkin/Font/Roboto-Regular.ttf using Guid(30dc370b164eefc43b95744fc796dad0) Importer(815301076,1909f56bfc062723c751e8b465ee728b)  -> (artifact id: 'c41dc8d71c383059cd905066ea176751') in 0.105081 seconds 
  Import took 0.126038 seconds .

========================================================================
Received Import Request.
  Time since last request: 0.000733 seconds.
  path: Assets/SampleSceneAssets/Materials/General/MarbleFlooring_Mat.mat
  artifactKey: Guid(b9229bd79b5265144b4b356915c17864) Importer(815301076,1909f56bfc062723c751e8b465ee728b)
Start importing Assets/SampleSceneAssets/Materials/General/MarbleFlooring_Mat.mat using Guid(b9229bd79b5265144b4b356915c17864) Importer(815301076,1909f56bfc062723c751e8b465ee728b)  -> (artifact id: '91535da09d0b8b2eef047e5f32944f1a') in 0.095043 seconds 
  Import took 0.116270 seconds .

========================================================================
Received Import Request.
  Time since last request: 0.000465 seconds.
  path: Packages/com.unity.render-pipelines.core/Runtime/Debugging/Prefabs/Widgets/DebugUI BitField.prefab
  artifactKey: Guid(7c78b588b2e1f7c4a86ca4a985cf6e4a) Importer(815301076,1909f56bfc062723c751e8b465ee728b)
Start importing Packages/com.unity.render-pipelines.core/Runtime/Debugging/Prefabs/Widgets/DebugUI BitField.prefab using Guid(7c78b588b2e1f7c4a86ca4a985cf6e4a) Importer(815301076,1909f56bfc062723c751e8b465ee728b)  -> (artifact id: 'b63ef92a65d94766c60c809f81f1478d') in 0.058077 seconds 
  Import took 0.078979 seconds .

========================================================================
Received Import Request.
  Time since last request: 0.000557 seconds.
  path: Packages/com.unity.render-pipelines.core/Runtime/Debugging/Prefabs/Widgets/DebugUI Vector2.prefab
  artifactKey: Guid(326f7c58aed965d41bf7805a782d1e44) Importer(815301076,1909f56bfc062723c751e8b465ee728b)
Start importing Packages/com.unity.render-pipelines.core/Runtime/Debugging/Prefabs/Widgets/DebugUI Vector2.prefab using Guid(326f7c58aed965d41bf7805a782d1e44) Importer(815301076,1909f56bfc062723c751e8b465ee728b)  -> (artifact id: '8f93d9b9566a55be3dce12cb2014dc06') in 0.038556 seconds 
  Import took 0.059133 seconds .

========================================================================
Received Import Request.
  Time since last request: 0.000478 seconds.
  path: Assets/SampleSceneAssets/Meshes/Structure/Model/SR_SectionWall_01.fbx
  artifactKey: Guid(8af0f10b22758344ebdbaeb3d0a22c3a) Importer(815301076,1909f56bfc062723c751e8b465ee728b)
Start importing Assets/SampleSceneAssets/Meshes/Structure/Model/SR_SectionWall_01.fbx using Guid(8af0f10b22758344ebdbaeb3d0a22c3a) Importer(815301076,1909f56bfc062723c751e8b465ee728b)  -> (artifact id: 'e29987e30e7ef6a71625fde8adef07ac') in 0.223317 seconds 
  Import took 0.246007 seconds .

========================================================================
Received Import Request.
  Time since last request: 0.000666 seconds.
  path: Assets/SampleSceneAssets/Materials/General/ConcretePolished_Mat.mat
  artifactKey: Guid(5948dbaa050aa8f488c46767a205e35d) Importer(815301076,1909f56bfc062723c751e8b465ee728b)
Start importing Assets/SampleSceneAssets/Materials/General/ConcretePolished_Mat.mat using Guid(5948dbaa050aa8f488c46767a205e35d) Importer(815301076,1909f56bfc062723c751e8b465ee728b)  -> (artifact id: '0b73e455439e2eab39731c496e2540b4') in 0.098973 seconds 
  Import took 0.118633 seconds .

========================================================================
Received Import Request.
  Time since last request: 0.000815 seconds.
  path: Assets/SampleSceneAssets/Materials/General/ConcreteCyan_Mat.mat
  artifactKey: Guid(6a4a9cd798f58bf419164a016513c59e) Importer(815301076,1909f56bfc062723c751e8b465ee728b)
Start importing Assets/SampleSceneAssets/Materials/General/ConcreteCyan_Mat.mat using Guid(6a4a9cd798f58bf419164a016513c59e) Importer(815301076,1909f56bfc062723c751e8b465ee728b)  -> (artifact id: 'b287ac96d49a4049f64d029fd35a40b0') in 0.093352 seconds 
  Import took 0.112549 seconds .

========================================================================
Received Import Request.
  Time since last request: 0.000632 seconds.
  path: Assets/SampleSceneAssets/Meshes/Structure/Model/SR_Wall_01.fbx
  artifactKey: Guid(efadd0c563ee7fb46917d9a15f897f17) Importer(815301076,1909f56bfc062723c751e8b465ee728b)
Start importing Assets/SampleSceneAssets/Meshes/Structure/Model/SR_Wall_01.fbx using Guid(efadd0c563ee7fb46917d9a15f897f17) Importer(815301076,1909f56bfc062723c751e8b465ee728b)  -> (artifact id: '60ccd93dbc10599d57d0bdf59665bd3b') in 0.310328 seconds 
  Import took 0.329626 seconds .

========================================================================
Received Import Request.
  Time since last request: 0.000499 seconds.
  path: Assets/SampleSceneAssets/Meshes/Props/Ball/Model/Ball.fbx
  artifactKey: Guid(0a34426304031834ebef443b222bba40) Importer(815301076,1909f56bfc062723c751e8b465ee728b)
Start importing Assets/SampleSceneAssets/Meshes/Props/Ball/Model/Ball.fbx using Guid(0a34426304031834ebef443b222bba40) Importer(815301076,1909f56bfc062723c751e8b465ee728b)  -> (artifact id: '39b78e266ccbe28a443fd6be193e5911') in 0.132711 seconds 
  Import took 0.159149 seconds .

========================================================================
Received Import Request.
  Time since last request: 0.000485 seconds.
  path: Packages/com.unity.render-pipelines.core/Runtime/Debugging/Prefabs/Widgets/DebugUI Toggle.prefab
  artifactKey: Guid(ce347ad101f41ee4ab5c3fbc0ea447db) Importer(815301076,1909f56bfc062723c751e8b465ee728b)
Start importing Packages/com.unity.render-pipelines.core/Runtime/Debugging/Prefabs/Widgets/DebugUI Toggle.prefab using Guid(ce347ad101f41ee4ab5c3fbc0ea447db) Importer(815301076,1909f56bfc062723c751e8b465ee728b)  -> (artifact id: '0b80aa6aaada039c8abe91f0c80d92ca') in 0.042833 seconds 
  Import took 0.062772 seconds .

========================================================================
Received Import Request.
  Time since last request: 0.000579 seconds.
  path: Assets/SampleSceneAssets/Meshes/Props/Lights/Prefab/Light_Point_Bulb.prefab
  artifactKey: Guid(b868dedbc9c0a3f469e82cc2ad6f200a) Importer(815301076,1909f56bfc062723c751e8b465ee728b)
Start importing Assets/SampleSceneAssets/Meshes/Props/Lights/Prefab/Light_Point_Bulb.prefab using Guid(b868dedbc9c0a3f469e82cc2ad6f200a) Importer(815301076,1909f56bfc062723c751e8b465ee728b)  -> (artifact id: '4528440a5759863e9b93d5c979ace89f') in 0.029518 seconds 
  Import took 0.058166 seconds .

========================================================================
Received Import Request.
  Time since last request: 0.000518 seconds.
  path: Assets/SampleSceneAssets/Materials/General/Decal_Mat.mat
  artifactKey: Guid(811cfb822fc52b94997d2481839de2fe) Importer(815301076,1909f56bfc062723c751e8b465ee728b)
Start importing Assets/SampleSceneAssets/Materials/General/Decal_Mat.mat using Guid(811cfb822fc52b94997d2481839de2fe) Importer(815301076,1909f56bfc062723c751e8b465ee728b)  -> (artifact id: '4990c137c61e34e7cb784962fec672f8') in 0.146851 seconds 
  Import took 0.166752 seconds .

========================================================================
Received Import Request.
  Time since last request: 0.000566 seconds.
  path: Packages/com.unity.render-pipelines.core/Runtime/Debugging/Prefabs/Resources/DebugUI Persistent Canvas.prefab
  artifactKey: Guid(f6b1a0fe75d5009449cf55ae76220e2b) Importer(815301076,1909f56bfc062723c751e8b465ee728b)
Start importing Packages/com.unity.render-pipelines.core/Runtime/Debugging/Prefabs/Resources/DebugUI Persistent Canvas.prefab using Guid(f6b1a0fe75d5009449cf55ae76220e2b) Importer(815301076,1909f56bfc062723c751e8b465ee728b)  -> (artifact id: 'edeb1671452e3ee4f3bff26fc1ac54be') in 0.052757 seconds 
  Import took 0.074846 seconds .

========================================================================
Received Import Request.
  Time since last request: 0.000487 seconds.
  path: Assets/SampleSceneAssets/Materials/General/WoodLight_Mat.mat
  artifactKey: Guid(4e5d77e737d61bc4582d0aff8c34e9ee) Importer(815301076,1909f56bfc062723c751e8b465ee728b)
Start importing Assets/SampleSceneAssets/Materials/General/WoodLight_Mat.mat using Guid(4e5d77e737d61bc4582d0aff8c34e9ee) Importer(815301076,1909f56bfc062723c751e8b465ee728b)  -> (artifact id: 'f8f8d0d6f7283c629cc5d3a37b5643d4') in 0.092276 seconds 
  Import took 0.111041 seconds .

========================================================================
Received Import Request.
  Time since last request: 0.000624 seconds.
  path: Assets/SampleSceneAssets/Materials/General/Rock_A.mat
  artifactKey: Guid(5d53f2d3d2871cc40bfce7f567098cbe) Importer(815301076,1909f56bfc062723c751e8b465ee728b)
Start importing Assets/SampleSceneAssets/Materials/General/Rock_A.mat using Guid(5d53f2d3d2871cc40bfce7f567098cbe) Importer(815301076,1909f56bfc062723c751e8b465ee728b)  -> (artifact id: 'd653e2002228da22d23a21a4857e47e9') in 0.114317 seconds 
  Import took 0.134959 seconds .

========================================================================
Received Import Request.
  Time since last request: 0.000673 seconds.
  path: Assets/SampleSceneAssets/Meshes/Structure/Model/SR_SectionFloor_01.fbx
  artifactKey: Guid(a613aa8222f19e441ba4840c930f7489) Importer(815301076,1909f56bfc062723c751e8b465ee728b)
Start importing Assets/SampleSceneAssets/Meshes/Structure/Model/SR_SectionFloor_01.fbx using Guid(a613aa8222f19e441ba4840c930f7489) Importer(815301076,1909f56bfc062723c751e8b465ee728b)  -> (artifact id: 'c1c70e49b9a66f7db1abcf1ba87426e3') in 0.189142 seconds 
  Import took 0.208533 seconds .

========================================================================
Received Import Request.
  Time since last request: 0.000587 seconds.
  path: Assets/SampleSceneAssets/Meshes/Props/Lights/Prefab/CeilingLamp_Lamp_01.prefab
  artifactKey: Guid(cf82a8e1669110c419edd18ee94bbbce) Importer(815301076,1909f56bfc062723c751e8b465ee728b)
Start importing Assets/SampleSceneAssets/Meshes/Props/Lights/Prefab/CeilingLamp_Lamp_01.prefab using Guid(cf82a8e1669110c419edd18ee94bbbce) Importer(815301076,1909f56bfc062723c751e8b465ee728b)  -> (artifact id: 'b8e203faed595765b2090e6ceb12550a') in 0.113955 seconds 
  Import took 0.135160 seconds .

========================================================================
Received Import Request.
  Time since last request: 0.000521 seconds.
  path: Packages/com.unity.render-pipelines.core/Runtime/Debugging/Prefabs/Widgets/DebugUI HBox.prefab
  artifactKey: Guid(f7f5e36797cf0c1408561665c67b179b) Importer(815301076,1909f56bfc062723c751e8b465ee728b)
Start importing Packages/com.unity.render-pipelines.core/Runtime/Debugging/Prefabs/Widgets/DebugUI HBox.prefab using Guid(f7f5e36797cf0c1408561665c67b179b) Importer(815301076,1909f56bfc062723c751e8b465ee728b)  -> (artifact id: 'fffc013ff63e0e7d349ec938f46bc3cf') in 0.027740 seconds 
  Import took 0.049134 seconds .

========================================================================
Received Import Request.
  Time since last request: 0.000551 seconds.
  path: Assets/SampleSceneAssets/Materials/General/Drain_Mat.mat
  artifactKey: Guid(25ff1792fc2d80b4789c32a4c61e65bf) Importer(815301076,1909f56bfc062723c751e8b465ee728b)
Start importing Assets/SampleSceneAssets/Materials/General/Drain_Mat.mat using Guid(25ff1792fc2d80b4789c32a4c61e65bf) Importer(815301076,1909f56bfc062723c751e8b465ee728b)  -> (artifact id: '8022508ae5e803809aa22b58e79e76f8') in 1.139028 seconds 
  Import took 1.160961 seconds .

========================================================================
Received Import Request.
  Time since last request: 0.000889 seconds.
  path: Assets/SampleSceneAssets/Meshes/Props/Nature/Model/Rock_A_01.fbx
  artifactKey: Guid(05495f8d2f8d91746a6bef216c28f5d9) Importer(815301076,1909f56bfc062723c751e8b465ee728b)
Start importing Assets/SampleSceneAssets/Meshes/Props/Nature/Model/Rock_A_01.fbx using Guid(05495f8d2f8d91746a6bef216c28f5d9) Importer(815301076,1909f56bfc062723c751e8b465ee728b)  -> (artifact id: 'c8a08bca1f48f1a3bcd685ad5dce0749') in 0.302345 seconds 
  Import took 0.321908 seconds .

========================================================================
Received Import Request.
  Time since last request: 0.022032 seconds.
  path: Assets/SampleSceneAssets/Materials/General/EmissiveBulb_Mat.mat
  artifactKey: Guid(82f22cfcd3162714f97430d3043d810f) Importer(815301076,1909f56bfc062723c751e8b465ee728b)
Start importing Assets/SampleSceneAssets/Materials/General/EmissiveBulb_Mat.mat using Guid(82f22cfcd3162714f97430d3043d810f) Importer(815301076,1909f56bfc062723c751e8b465ee728b)  -> (artifact id: '7939da58b7a1c226a72baa1702e84601') in 0.106718 seconds 
  Import took 0.129159 seconds .

========================================================================
Received Import Request.
  Time since last request: 0.000599 seconds.
  path: Assets/SampleSceneAssets/Meshes/Props/Nature/Model/Bamboo_B.fbx
  artifactKey: Guid(7bd790bef3ce34c4e9fd850d53deed02) Importer(815301076,1909f56bfc062723c751e8b465ee728b)
Start importing Assets/SampleSceneAssets/Meshes/Props/Nature/Model/Bamboo_B.fbx using Guid(7bd790bef3ce34c4e9fd850d53deed02) Importer(815301076,1909f56bfc062723c751e8b465ee728b)  -> (artifact id: '739e1dc79e7ae088da96902c16760cd3') in 0.238309 seconds 
  Import took 0.267552 seconds .

========================================================================
Received Import Request.
  Time since last request: 0.000691 seconds.
  path: Assets/SampleSceneAssets/Materials/General/Bamboo_A.mat
  artifactKey: Guid(fff7b0d103b7de54f810338cd8c6d44a) Importer(815301076,1909f56bfc062723c751e8b465ee728b)
Start importing Assets/SampleSceneAssets/Materials/General/Bamboo_A.mat using Guid(fff7b0d103b7de54f810338cd8c6d44a) Importer(815301076,1909f56bfc062723c751e8b465ee728b)  -> (artifact id: '37e6b53b85f64dfed39e3a5f08b213b3') in 0.109376 seconds 
  Import took 0.129743 seconds .

========================================================================
Received Import Request.
  Time since last request: 0.000553 seconds.
  path: Assets/SampleSceneAssets/Materials/General/Collision_Mat.mat
  artifactKey: Guid(a7f9b9f3a7ec88a42bcdef7463ccbffe) Importer(815301076,1909f56bfc062723c751e8b465ee728b)
Start importing Assets/SampleSceneAssets/Materials/General/Collision_Mat.mat using Guid(a7f9b9f3a7ec88a42bcdef7463ccbffe) Importer(815301076,1909f56bfc062723c751e8b465ee728b)  -> (artifact id: '1e29b8e52e0138ebe5ab86bf18d86705') in 0.117004 seconds 
  Import took 0.135924 seconds .

========================================================================
Received Import Request.
  Time since last request: 0.000556 seconds.
  path: Packages/com.unity.searcher/Editor/Resources/FlatSkin/Font/Roboto-Italic.ttf
  artifactKey: Guid(c839255fc8f6b4b4d90bf8c1af9f9bd1) Importer(815301076,1909f56bfc062723c751e8b465ee728b)
Start importing Packages/com.unity.searcher/Editor/Resources/FlatSkin/Font/Roboto-Italic.ttf using Guid(c839255fc8f6b4b4d90bf8c1af9f9bd1) Importer(815301076,1909f56bfc062723c751e8b465ee728b)  -> (artifact id: '5743eb9eb0bed3f1ec3956361f1d2855') in 0.111048 seconds 
  Import took 0.130761 seconds .

========================================================================
Received Import Request.
  Time since last request: 0.000462 seconds.
  path: Packages/com.unity.render-pipelines.core/Runtime/Debugging/Prefabs/Widgets/DebugUI Color.prefab
  artifactKey: Guid(77c185820dd1a464eac89cae3abccddf) Importer(815301076,1909f56bfc062723c751e8b465ee728b)
Start importing Packages/com.unity.render-pipelines.core/Runtime/Debugging/Prefabs/Widgets/DebugUI Color.prefab using Guid(77c185820dd1a464eac89cae3abccddf) Importer(815301076,1909f56bfc062723c751e8b465ee728b)  -> (artifact id: 'f3ca7f0b5dee463f4b0c91b57746ae7a') in 0.044201 seconds 
  Import took 0.067665 seconds .

========================================================================
Received Import Request.
  Time since last request: 0.000575 seconds.
  path: Packages/com.unity.searcher/Editor/Resources/FlatSkin/Font/Roboto-ThinItalic.ttf
  artifactKey: Guid(b2ea3b3f1765e544b9eb5bd1a93a91ce) Importer(815301076,1909f56bfc062723c751e8b465ee728b)
Start importing Packages/com.unity.searcher/Editor/Resources/FlatSkin/Font/Roboto-ThinItalic.ttf using Guid(b2ea3b3f1765e544b9eb5bd1a93a91ce) Importer(815301076,1909f56bfc062723c751e8b465ee728b)  -> (artifact id: 'c8eb406cb550537f11497cfddc5ccfc4') in 0.099364 seconds 
  Import took 0.120734 seconds .

========================================================================
Received Import Request.
  Time since last request: 0.000635 seconds.
  path: Packages/com.unity.render-pipelines.core/Runtime/Debugging/Prefabs/Widgets/DebugUI Value.prefab
  artifactKey: Guid(dc0f88987826e6e48b1fe9c7c2b53a53) Importer(815301076,1909f56bfc062723c751e8b465ee728b)
Start importing Packages/com.unity.render-pipelines.core/Runtime/Debugging/Prefabs/Widgets/DebugUI Value.prefab using Guid(dc0f88987826e6e48b1fe9c7c2b53a53) Importer(815301076,1909f56bfc062723c751e8b465ee728b)  -> (artifact id: 'd36a803ceb7237068746369aaaaf6126') in 0.033422 seconds 
  Import took 0.054761 seconds .

========================================================================
Received Import Request.
  Time since last request: 0.000498 seconds.
  path: Assets/SampleSceneAssets/Meshes/Structure/Model/TR_Pillar_01.fbx
  artifactKey: Guid(7d044b3abe122574fab0642ca8c24f67) Importer(815301076,1909f56bfc062723c751e8b465ee728b)
Start importing Assets/SampleSceneAssets/Meshes/Structure/Model/TR_Pillar_01.fbx using Guid(7d044b3abe122574fab0642ca8c24f67) Importer(815301076,1909f56bfc062723c751e8b465ee728b)  -> (artifact id: '0691b9c61871c0b80ab24ae567f999bc') in 0.195811 seconds 
  Import took 0.215133 seconds .

========================================================================
Received Import Request.
  Time since last request: 0.000748 seconds.
  path: Packages/com.unity.render-pipelines.high-definition/Runtime/RenderPipelineResources/Mesh/Disc.fbx
  artifactKey: Guid(aa0197e8182e0924897ca6c14966b2d0) Importer(815301076,1909f56bfc062723c751e8b465ee728b)
Start importing Packages/com.unity.render-pipelines.high-definition/Runtime/RenderPipelineResources/Mesh/Disc.fbx using Guid(aa0197e8182e0924897ca6c14966b2d0) Importer(815301076,1909f56bfc062723c751e8b465ee728b)  -> (artifact id: 'b187c40e9805c312890f081be766834f') in 0.151141 seconds 
  Import took 0.169853 seconds .

========================================================================
Received Import Request.
  Time since last request: 0.000565 seconds.
  path: Assets/SampleSceneAssets/Materials/General/Fern_01_Mat.mat
  artifactKey: Guid(41b4ab126d0398d4a82ef0abf15e1226) Importer(815301076,1909f56bfc062723c751e8b465ee728b)
Start importing Assets/SampleSceneAssets/Materials/General/Fern_01_Mat.mat using Guid(41b4ab126d0398d4a82ef0abf15e1226) Importer(815301076,1909f56bfc062723c751e8b465ee728b)  -> (artifact id: 'f4f80316d58f10ca95781f659315a74b') in 0.092134 seconds 
  Import took 0.113906 seconds .

========================================================================
Received Import Request.
  Time since last request: 0.000718 seconds.
  path: Assets/SampleSceneAssets/Meshes/Props/Nature/Prefab/Bamboo_B.prefab
  artifactKey: Guid(fb805a505a23fba478f8ba7a8ec1827d) Importer(815301076,1909f56bfc062723c751e8b465ee728b)
Start importing Assets/SampleSceneAssets/Meshes/Props/Nature/Prefab/Bamboo_B.prefab using Guid(fb805a505a23fba478f8ba7a8ec1827d) Importer(815301076,1909f56bfc062723c751e8b465ee728b)  -> (artifact id: 'a473c8534fdc3dec63aee9574d89edce') in 0.101368 seconds 
  Import took 0.121822 seconds .

========================================================================
Received Import Request.
  Time since last request: 0.000623 seconds.
  path: Assets/SampleSceneAssets/Materials/General/DecalPuddle_Mat.mat
  artifactKey: Guid(94d80f3e038421840941e22d06feee02) Importer(815301076,1909f56bfc062723c751e8b465ee728b)
Start importing Assets/SampleSceneAssets/Materials/General/DecalPuddle_Mat.mat using Guid(94d80f3e038421840941e22d06feee02) Importer(815301076,1909f56bfc062723c751e8b465ee728b)  -> (artifact id: '86341926bc53f7b5a66570832e75d2f6') in 0.198107 seconds 
  Import took 0.219395 seconds .

========================================================================
Received Import Request.
  Time since last request: 0.000508 seconds.
  path: Assets/SampleSceneAssets/Materials/General/Brass_Mat.mat
  artifactKey: Guid(51715d426647c0a469aa54fd0d386aa6) Importer(815301076,1909f56bfc062723c751e8b465ee728b)
Start importing Assets/SampleSceneAssets/Materials/General/Brass_Mat.mat using Guid(51715d426647c0a469aa54fd0d386aa6) Importer(815301076,1909f56bfc062723c751e8b465ee728b)  -> (artifact id: '95a1c847f2717db77c1ea56f2d871fcb') in 0.089633 seconds 
  Import took 0.112679 seconds .

========================================================================
Received Import Request.
  Time since last request: 0.000634 seconds.
  path: Packages/com.unity.render-pipelines.core/Runtime/Debugging/Prefabs/Widgets/DebugUI FloatField.prefab
  artifactKey: Guid(7d4fd3415ea7dd64bbcfe13fb48a730b) Importer(815301076,1909f56bfc062723c751e8b465ee728b)
Start importing Packages/com.unity.render-pipelines.core/Runtime/Debugging/Prefabs/Widgets/DebugUI FloatField.prefab using Guid(7d4fd3415ea7dd64bbcfe13fb48a730b) Importer(815301076,1909f56bfc062723c751e8b465ee728b)  -> (artifact id: 'c1f8eff75d4d589b47361879681c9f2b') in 0.032888 seconds 
  Import took 0.055536 seconds .

========================================================================
Received Import Request.
  Time since last request: 0.000559 seconds.
  path: Assets/HDRPDefaultResources/DefaultSceneRoot.prefab
  artifactKey: Guid(2bfa7b9d63fa79e4abdc033f54a868d2) Importer(815301076,1909f56bfc062723c751e8b465ee728b)
Start importing Assets/HDRPDefaultResources/DefaultSceneRoot.prefab using Guid(2bfa7b9d63fa79e4abdc033f54a868d2) Importer(815301076,1909f56bfc062723c751e8b465ee728b)  -> (artifact id: '9ed7b86190142ff69ae99dc0dd5cc60c') in 0.043003 seconds 
  Import took 0.062963 seconds .

========================================================================
Received Import Request.
  Time since last request: 0.000565 seconds.
  path: Assets/SampleSceneAssets/Meshes/Props/Ball/Model/Base.fbx
  artifactKey: Guid(916a8fb579c63874394827cbec0773ae) Importer(815301076,1909f56bfc062723c751e8b465ee728b)
Start importing Assets/SampleSceneAssets/Meshes/Props/Ball/Model/Base.fbx using Guid(916a8fb579c63874394827cbec0773ae) Importer(815301076,1909f56bfc062723c751e8b465ee728b)  -> (artifact id: '63dcb1206828b0b3894e008bafb1a97f') in 0.099643 seconds 
  Import took 0.121663 seconds .

========================================================================
Received Import Request.
  Time since last request: 0.000719 seconds.
  path: Assets/SampleSceneAssets/Materials/General/Bush_01_Mat.mat
  artifactKey: Guid(c8ff19ec299458747b23b805b74ed9a1) Importer(815301076,1909f56bfc062723c751e8b465ee728b)
Start importing Assets/SampleSceneAssets/Materials/General/Bush_01_Mat.mat using Guid(c8ff19ec299458747b23b805b74ed9a1) Importer(815301076,1909f56bfc062723c751e8b465ee728b)  -> (artifact id: '20d0400288665ffb6b7e535dba1ca097') in 0.101144 seconds 
  Import took 0.121005 seconds .

========================================================================
Received Import Request.
  Time since last request: 0.000678 seconds.
  path: Packages/com.unity.render-pipelines.core/Runtime/Debugging/Prefabs/Resources/DebugUI Canvas.prefab
  artifactKey: Guid(cf6cbdd672089a84796e55a21fed1cbe) Importer(815301076,1909f56bfc062723c751e8b465ee728b)
Start importing Packages/com.unity.render-pipelines.core/Runtime/Debugging/Prefabs/Resources/DebugUI Canvas.prefab using Guid(cf6cbdd672089a84796e55a21fed1cbe) Importer(815301076,1909f56bfc062723c751e8b465ee728b)  -> (artifact id: '2eab8d16b0743cf8a78b2088a6d0db11') in 0.099307 seconds 
  Import took 0.122636 seconds .

========================================================================
Received Import Request.
  Time since last request: 0.000537 seconds.
  path: Packages/com.unity.searcher/Editor/Resources/FlatSkin/Font/Roboto-Light.ttf
  artifactKey: Guid(2a29e27936eb547458f646f71125b264) Importer(815301076,1909f56bfc062723c751e8b465ee728b)
Start importing Packages/com.unity.searcher/Editor/Resources/FlatSkin/Font/Roboto-Light.ttf using Guid(2a29e27936eb547458f646f71125b264) Importer(815301076,1909f56bfc062723c751e8b465ee728b)  -> (artifact id: 'ef933f7a6af1d9ef54abc10e1f405bad') in 0.116038 seconds 
  Import took 0.135976 seconds .

